This is pdfTeX, Version 3.14159265-2.6-1.40.21 (TeX Live 2020/W32TeX) (preloaded format=pdflatex 2020.5.22)  31 JAN 2021 11:37
entering extended mode
 restricted \write18 enabled.
 %&-line parsing enabled.
**CapitalRaise.tex
(./CapitalRaise.tex
LaTeX2e <2020-02-02> patch level 5
L3 programming layer <2020-03-06>
(c:/texlive/2020/texmf-dist/tex/latex/base/article.cls
Document Class: article 2019/12/20 v1.4l Standard LaTeX document class
(c:/texlive/2020/texmf-dist/tex/latex/base/size12.clo
File: size12.clo 2019/12/20 v1.4l Standard LaTeX file (size option)
)
\c@part=\count167
\c@section=\count168
\c@subsection=\count169
\c@subsubsection=\count170
\c@paragraph=\count171
\c@subparagraph=\count172
\c@figure=\count173
\c@table=\count174
\abovecaptionskip=\skip47
\belowcaptionskip=\skip48
\bibindent=\dimen134
)
(c:/texlive/2020/texmf-dist/tex/latex/geometry/geometry.sty
Package: geometry 2020/01/02 v5.9 Page Geometry

(c:/texlive/2020/texmf-dist/tex/latex/graphics/keyval.sty
Package: keyval 2014/10/28 v1.15 key=value parser (DPC)
\KV@toks@=\toks15
)
(c:/texlive/2020/texmf-dist/tex/generic/iftex/ifvtex.sty
Package: ifvtex 2019/10/25 v1.7 ifvtex legacy package. Use iftex instead.

(c:/texlive/2020/texmf-dist/tex/generic/iftex/iftex.sty
Package: iftex 2020/03/06 v1.0d TeX engine tests
))
\Gm@cnth=\count175
\Gm@cntv=\count176
\c@Gm@tempcnt=\count177
\Gm@bindingoffset=\dimen135
\Gm@wd@mp=\dimen136
\Gm@odd@mp=\dimen137
\Gm@even@mp=\dimen138
\Gm@layoutwidth=\dimen139
\Gm@layoutheight=\dimen140
\Gm@layouthoffset=\dimen141
\Gm@layoutvoffset=\dimen142
\Gm@dimlist=\toks16
)
(c:/texlive/2020/texmf-dist/tex/latex/tools/dcolumn.sty
Package: dcolumn 2014/10/28 v1.06 decimal alignment package (DPC)

(c:/texlive/2020/texmf-dist/tex/latex/tools/array.sty
Package: array 2019/08/31 v2.4l Tabular extension package (FMi)
\col@sep=\dimen143
\ar@mcellbox=\box45
\extrarowheight=\dimen144
\NC@list=\toks17
\extratabsurround=\skip49
\backup@length=\skip50
\ar@cellbox=\box46
))
(c:/texlive/2020/texmf-dist/tex/latex/booktabs/booktabs.sty
Package: booktabs 2020/01/12 v1.61803398 Publication quality tables
\heavyrulewidth=\dimen145
\lightrulewidth=\dimen146
\cmidrulewidth=\dimen147
\belowrulesep=\dimen148
\belowbottomsep=\dimen149
\aboverulesep=\dimen150
\abovetopsep=\dimen151
\cmidrulesep=\dimen152
\cmidrulekern=\dimen153
\defaultaddspace=\dimen154
\@cmidla=\count178
\@cmidlb=\count179
\@aboverulesep=\dimen155
\@belowrulesep=\dimen156
\@thisruleclass=\count180
\@lastruleclass=\count181
\@thisrulewidth=\dimen157
)
(c:/texlive/2020/texmf-dist/tex/latex/pdflscape/pdflscape.sty
Package: pdflscape 2019/12/05 v0.12 Display of landscape pages in PDF (HO)

(c:/texlive/2020/texmf-dist/tex/latex/graphics/lscape.sty
Package: lscape 2000/10/22 v3.01 Landscape Pages (DPC)

(c:/texlive/2020/texmf-dist/tex/latex/graphics/graphics.sty
Package: graphics 2019/11/30 v1.4a Standard LaTeX Graphics (DPC,SPQR)

(c:/texlive/2020/texmf-dist/tex/latex/graphics/trig.sty
Package: trig 2016/01/03 v1.10 sin cos tan (DPC)
)
(c:/texlive/2020/texmf-dist/tex/latex/graphics-cfg/graphics.cfg
File: graphics.cfg 2016/06/04 v1.11 sample graphics configuration
)
Package graphics Info: Driver file: pdftex.def on input line 105.

(c:/texlive/2020/texmf-dist/tex/latex/graphics-def/pdftex.def
File: pdftex.def 2018/01/08 v1.0l Graphics/color driver for pdftex
)))
Package pdflscape Info: Auto-detected driver: pdftex on input line 81.
)
(c:/texlive/2020/texmf-dist/tex/latex/graphics/graphicx.sty
Package: graphicx 2019/11/30 v1.2a Enhanced LaTeX Graphics (DPC,SPQR)
\Gin@req@height=\dimen158
\Gin@req@width=\dimen159
)
(c:/texlive/2020/texmf-dist/tex/latex/placeins/placeins.sty
Package: placeins 2005/04/18  v 2.2
)
(c:/texlive/2020/texmf-dist/tex/latex/xcolor/xcolor.sty
Package: xcolor 2016/05/11 v2.12 LaTeX color extensions (UK)

(c:/texlive/2020/texmf-dist/tex/latex/graphics-cfg/color.cfg
File: color.cfg 2016/01/02 v1.6 sample color configuration
)
Package xcolor Info: Driver file: pdftex.def on input line 225.
Package xcolor Info: Model `cmy' substituted by `cmy0' on input line 1348.
Package xcolor Info: Model `hsb' substituted by `rgb' on input line 1352.
Package xcolor Info: Model `RGB' extended on input line 1364.
Package xcolor Info: Model `HTML' substituted by `rgb' on input line 1366.
Package xcolor Info: Model `Hsb' substituted by `hsb' on input line 1367.
Package xcolor Info: Model `tHsb' substituted by `hsb' on input line 1368.
Package xcolor Info: Model `HSB' substituted by `hsb' on input line 1369.
Package xcolor Info: Model `Gray' substituted by `gray' on input line 1370.
Package xcolor Info: Model `wave' substituted by `hsb' on input line 1371.
)
(c:/texlive/2020/texmf-dist/tex/latex/caption/subcaption.sty
Package: subcaption 2020/01/22 v1.3d Sub-captions (AR)

(c:/texlive/2020/texmf-dist/tex/latex/caption/caption.sty
Package: caption 2020/01/03 v3.4h Customizing captions (AR)

(c:/texlive/2020/texmf-dist/tex/latex/caption/caption3.sty
Package: caption3 2020/01/03 v1.8h caption3 kernel (AR)
Package caption3 Info: TeX engine: e-TeX on input line 61.
\captionmargin=\dimen160
\captionmargin@=\dimen161
\captionwidth=\dimen162
\caption@tempdima=\dimen163
\caption@indent=\dimen164
\caption@parindent=\dimen165
\caption@hangindent=\dimen166
Package caption Info: Standard document class detected.
)
\c@caption@flags=\count182
\c@continuedfloat=\count183
)
\c@subfigure=\count184
\c@subtable=\count185
)
(c:/texlive/2020/texmf-dist/tex/latex/amsmath/amsmath.sty
Package: amsmath 2020/01/20 v2.17e AMS math features
\@mathmargin=\skip51

For additional information on amsmath, use the `?' option.
(c:/texlive/2020/texmf-dist/tex/latex/amsmath/amstext.sty
Package: amstext 2000/06/29 v2.01 AMS text

(c:/texlive/2020/texmf-dist/tex/latex/amsmath/amsgen.sty
File: amsgen.sty 1999/11/30 v2.0 generic functions
\@emptytoks=\toks18
\ex@=\dimen167
))
(c:/texlive/2020/texmf-dist/tex/latex/amsmath/amsbsy.sty
Package: amsbsy 1999/11/29 v1.2d Bold Symbols
\pmbraise@=\dimen168
)
(c:/texlive/2020/texmf-dist/tex/latex/amsmath/amsopn.sty
Package: amsopn 2016/03/08 v2.02 operator names
)
\inf@bad=\count186
LaTeX Info: Redefining \frac on input line 227.
\uproot@=\count187
\leftroot@=\count188
LaTeX Info: Redefining \overline on input line 389.
\classnum@=\count189
\DOTSCASE@=\count190
LaTeX Info: Redefining \ldots on input line 486.
LaTeX Info: Redefining \dots on input line 489.
LaTeX Info: Redefining \cdots on input line 610.
\Mathstrutbox@=\box47
\strutbox@=\box48
\big@size=\dimen169
LaTeX Font Info:    Redeclaring font encoding OML on input line 733.
LaTeX Font Info:    Redeclaring font encoding OMS on input line 734.
\macc@depth=\count191
\c@MaxMatrixCols=\count192
\dotsspace@=\muskip16
\c@parentequation=\count193
\dspbrk@lvl=\count194
\tag@help=\toks19
\row@=\count195
\column@=\count196
\maxfields@=\count197
\andhelp@=\toks20
\eqnshift@=\dimen170
\alignsep@=\dimen171
\tagshift@=\dimen172
\tagwidth@=\dimen173
\totwidth@=\dimen174
\lineht@=\dimen175
\@envbody=\toks21
\multlinegap=\skip52
\multlinetaggap=\skip53
\mathdisplay@stack=\toks22
LaTeX Info: Redefining \[ on input line 2859.
LaTeX Info: Redefining \] on input line 2860.
)
(c:/texlive/2020/texmf-dist/tex/latex/hyperref/hyperref.sty
Package: hyperref 2020/01/14 v7.00d Hypertext links for LaTeX

(c:/texlive/2020/texmf-dist/tex/generic/ltxcmds/ltxcmds.sty
Package: ltxcmds 2019/12/15 v1.24 LaTeX kernel commands for general use (HO)
)
(c:/texlive/2020/texmf-dist/tex/latex/pdftexcmds/pdftexcmds.sty
Package: pdftexcmds 2019/11/24 v0.31 Utility functions of pdfTeX for LuaTeX (HO
)

(c:/texlive/2020/texmf-dist/tex/generic/infwarerr/infwarerr.sty
Package: infwarerr 2019/12/03 v1.5 Providing info/warning/error messages (HO)
)
Package pdftexcmds Info: \pdf@primitive is available.
Package pdftexcmds Info: \pdf@ifprimitive is available.
Package pdftexcmds Info: \pdfdraftmode found.
)
(c:/texlive/2020/texmf-dist/tex/generic/kvsetkeys/kvsetkeys.sty
Package: kvsetkeys 2019/12/15 v1.18 Key value parser (HO)
)
(c:/texlive/2020/texmf-dist/tex/generic/kvdefinekeys/kvdefinekeys.sty
Package: kvdefinekeys 2019-12-19 v1.6 Define keys (HO)
)
(c:/texlive/2020/texmf-dist/tex/generic/pdfescape/pdfescape.sty
Package: pdfescape 2019/12/09 v1.15 Implements pdfTeX's escape features (HO)
)
(c:/texlive/2020/texmf-dist/tex/latex/hycolor/hycolor.sty
Package: hycolor 2020-01-27 v1.10 Color options for hyperref/bookmark (HO)
)
(c:/texlive/2020/texmf-dist/tex/latex/letltxmacro/letltxmacro.sty
Package: letltxmacro 2019/12/03 v1.6 Let assignment for LaTeX macros (HO)
)
(c:/texlive/2020/texmf-dist/tex/latex/auxhook/auxhook.sty
Package: auxhook 2019-12-17 v1.6 Hooks for auxiliary files (HO)
)
(c:/texlive/2020/texmf-dist/tex/latex/kvoptions/kvoptions.sty
Package: kvoptions 2019/11/29 v3.13 Key value format for package options (HO)
)
\@linkdim=\dimen176
\Hy@linkcounter=\count198
\Hy@pagecounter=\count199

(c:/texlive/2020/texmf-dist/tex/latex/hyperref/pd1enc.def
File: pd1enc.def 2020/01/14 v7.00d Hyperref: PDFDocEncoding definition (HO)
Now handling font encoding PD1 ...
... no UTF-8 mapping file for font encoding PD1
)
(c:/texlive/2020/texmf-dist/tex/generic/intcalc/intcalc.sty
Package: intcalc 2019/12/15 v1.3 Expandable calculations with integers (HO)
)
(c:/texlive/2020/texmf-dist/tex/generic/etexcmds/etexcmds.sty
Package: etexcmds 2019/12/15 v1.7 Avoid name clashes with e-TeX commands (HO)
)
\Hy@SavedSpaceFactor=\count266
Package hyperref Info: Hyper figures OFF on input line 4547.
Package hyperref Info: Link nesting OFF on input line 4552.
Package hyperref Info: Hyper index ON on input line 4555.
Package hyperref Info: Plain pages OFF on input line 4562.
Package hyperref Info: Backreferencing OFF on input line 4567.
Package hyperref Info: Implicit mode ON; LaTeX internals redefined.
Package hyperref Info: Bookmarks ON on input line 4800.
\c@Hy@tempcnt=\count267

(c:/texlive/2020/texmf-dist/tex/latex/url/url.sty
\Urlmuskip=\muskip17
Package: url 2013/09/16  ver 3.4  Verb mode for urls, etc.
)
LaTeX Info: Redefining \url on input line 5159.
\XeTeXLinkMargin=\dimen177

(c:/texlive/2020/texmf-dist/tex/generic/bitset/bitset.sty
Package: bitset 2019/12/09 v1.3 Handle bit-vector datatype (HO)

(c:/texlive/2020/texmf-dist/tex/generic/bigintcalc/bigintcalc.sty
Package: bigintcalc 2019/12/15 v1.5 Expandable calculations on big integers (HO
)
))
\Fld@menulength=\count268
\Field@Width=\dimen178
\Fld@charsize=\dimen179
Package hyperref Info: Hyper figures OFF on input line 6430.
Package hyperref Info: Link nesting OFF on input line 6435.
Package hyperref Info: Hyper index ON on input line 6438.
Package hyperref Info: backreferencing OFF on input line 6445.
Package hyperref Info: Link coloring OFF on input line 6450.
Package hyperref Info: Link coloring with OCG OFF on input line 6455.
Package hyperref Info: PDF/A mode OFF on input line 6460.
LaTeX Info: Redefining \ref on input line 6500.
LaTeX Info: Redefining \pageref on input line 6504.

(c:/texlive/2020/texmf-dist/tex/generic/atbegshi/atbegshi.sty
Package: atbegshi 2019/12/05 v1.19 At begin shipout hook (HO)
)
\Hy@abspage=\count269
\c@Item=\count270
\c@Hfootnote=\count271
)
Package hyperref Info: Driver (autodetected): hpdftex.

(c:/texlive/2020/texmf-dist/tex/latex/hyperref/hpdftex.def
File: hpdftex.def 2020/01/14 v7.00d Hyperref driver for pdfTeX

(c:/texlive/2020/texmf-dist/tex/latex/atveryend/atveryend.sty
Package: atveryend 2019-12-11 v1.11 Hooks at the very end of document (HO)
Package atveryend Info: \enddocument detected (standard20110627).
)
\Fld@listcount=\count272
\c@bookmark@seq@number=\count273

(c:/texlive/2020/texmf-dist/tex/latex/rerunfilecheck/rerunfilecheck.sty
Package: rerunfilecheck 2019/12/05 v1.9 Rerun checks for auxiliary files (HO)

(c:/texlive/2020/texmf-dist/tex/generic/uniquecounter/uniquecounter.sty
Package: uniquecounter 2019/12/15 v1.4 Provide unlimited unique counter (HO)
)
Package uniquecounter Info: New unique counter `rerunfilecheck' on input line 2
86.
)
\Hy@SectionHShift=\skip54
)
(c:/texlive/2020/texmf-dist/tex/latex/multirow/multirow.sty
Package: multirow 2019/05/31 v2.5 Span multiple rows of a table
\multirow@colwidth=\skip55
\multirow@cntb=\count274
\multirow@dima=\skip56
\bigstrutjot=\dimen180
)
(c:/texlive/2020/texmf-dist/tex/latex/appendix/appendix.sty
Package: appendix 2020/02/08 v1.2c extra appendix facilities
\c@@pps=\count275
\c@@ppsavesec=\count276
\c@@ppsaveapp=\count277
)
(c:/texlive/2020/texmf-dist/tex/latex/l3backend/l3backend-pdfmode.def
File: l3backend-pdfmode.def 2020-03-12 L3 backend support: PDF mode
\l__kernel_color_stack_int=\count278
\l__pdf_internal_box=\box49
)
(./CapitalRaise.aux)
\openout1 = `CapitalRaise.aux'.

LaTeX Font Info:    Checking defaults for OML/cmm/m/it on input line 26.
LaTeX Font Info:    ... okay on input line 26.
LaTeX Font Info:    Checking defaults for OMS/cmsy/m/n on input line 26.
LaTeX Font Info:    ... okay on input line 26.
LaTeX Font Info:    Checking defaults for OT1/cmr/m/n on input line 26.
LaTeX Font Info:    ... okay on input line 26.
LaTeX Font Info:    Checking defaults for T1/cmr/m/n on input line 26.
LaTeX Font Info:    ... okay on input line 26.
LaTeX Font Info:    Checking defaults for TS1/cmr/m/n on input line 26.
LaTeX Font Info:    ... okay on input line 26.
LaTeX Font Info:    Checking defaults for OMX/cmex/m/n on input line 26.
LaTeX Font Info:    ... okay on input line 26.
LaTeX Font Info:    Checking defaults for U/cmr/m/n on input line 26.
LaTeX Font Info:    ... okay on input line 26.
LaTeX Font Info:    Checking defaults for PD1/pdf/m/n on input line 26.
LaTeX Font Info:    ... okay on input line 26.

*geometry* driver: auto-detecting
*geometry* detected driver: pdftex
*geometry* verbose mode - [ preamble ] result:
* driver: pdftex
* paper: <default>
* layout: <same size as paper>
* layoutoffset:(h,v)=(0.0pt,0.0pt)
* modes: 
* h-part:(L,W,R)=(92.14519pt, 430.00462pt, 92.14519pt)
* v-part:(T,H,B)=(95.39737pt, 556.47656pt, 143.09605pt)
* \paperwidth=614.295pt
* \paperheight=794.96999pt
* \textwidth=430.00462pt
* \textheight=556.47656pt
* \oddsidemargin=19.8752pt
* \evensidemargin=19.8752pt
* \topmargin=-13.87262pt
* \headheight=12.0pt
* \headsep=25.0pt
* \topskip=12.0pt
* \footskip=30.0pt
* \marginparwidth=44.0pt
* \marginparsep=10.0pt
* \columnsep=10.0pt
* \skip\footins=10.8pt plus 4.0pt minus 2.0pt
* \hoffset=0.0pt
* \voffset=0.0pt
* \mag=1000
* \@twocolumnfalse
* \@twosidefalse
* \@mparswitchfalse
* \@reversemarginfalse
* (1in=72.27pt=25.4mm, 1cm=28.453pt)

(c:/texlive/2020/texmf-dist/tex/context/base/mkii/supp-pdf.mkii
[Loading MPS to PDF converter (version 2006.09.02).]
\scratchcounter=\count279
\scratchdimen=\dimen181
\scratchbox=\box50
\nofMPsegments=\count280
\nofMParguments=\count281
\everyMPshowfont=\toks23
\MPscratchCnt=\count282
\MPscratchDim=\dimen182
\MPnumerator=\count283
\makeMPintoPDFobject=\count284
\everyMPtoPDFconversion=\toks24
) (c:/texlive/2020/texmf-dist/tex/latex/epstopdf-pkg/epstopdf-base.sty
Package: epstopdf-base 2020-01-24 v2.11 Base part for package epstopdf

(c:/texlive/2020/texmf-dist/tex/latex/grfext/grfext.sty
Package: grfext 2019/12/03 v1.3 Manage graphics extensions (HO)
)
Package epstopdf-base Info: Redefining graphics rule for `.eps' on input line 4
85.
Package grfext Info: Graphics extension search list:
(grfext)             [.pdf,.png,.jpg,.mps,.jpeg,.jbig2,.jb2,.PDF,.PNG,.JPG,.JPE
G,.JBIG2,.JB2,.eps]
(grfext)             \AppendGraphicsExtensions on input line 504.

(c:/texlive/2020/texmf-dist/tex/latex/latexconfig/epstopdf-sys.cfg
File: epstopdf-sys.cfg 2010/07/13 v1.3 Configuration of (r)epstopdf for TeX Liv
e
))
Package caption Info: Begin \AtBeginDocument code.
Package caption Info: hyperref package is loaded.
Package caption Info: End \AtBeginDocument code.
\AtBeginShipoutBox=\box51
Package hyperref Info: Link coloring OFF on input line 26.

(c:/texlive/2020/texmf-dist/tex/latex/hyperref/nameref.sty
Package: nameref 2019/09/16 v2.46 Cross-referencing by name of section

(c:/texlive/2020/texmf-dist/tex/latex/refcount/refcount.sty
Package: refcount 2019/12/15 v3.6 Data extraction from label references (HO)
)
(c:/texlive/2020/texmf-dist/tex/generic/gettitlestring/gettitlestring.sty
Package: gettitlestring 2019/12/15 v1.6 Cleanup title references (HO)
)
\c@section@level=\count285
)
LaTeX Info: Redefining \ref on input line 26.
LaTeX Info: Redefining \pageref on input line 26.
LaTeX Info: Redefining \nameref on input line 26.

(./CapitalRaise.out) (./CapitalRaise.out)
\@outlinefile=\write3
\openout3 = `CapitalRaise.out'.

*geometry* verbose mode - [ newgeometry ] result:
* driver: pdftex
* paper: <default>
* layout: <same size as paper>
* layoutoffset:(h,v)=(0.0pt,0.0pt)
* modes: 
* h-part:(L,W,R)=(34.14322pt, 546.00856pt, 34.14322pt)
* v-part:(T,H,B)=(34.14322pt, 726.68355pt, 34.14322pt)
* \paperwidth=614.295pt
* \paperheight=794.96999pt
* \textwidth=546.00856pt
* \textheight=726.68355pt
* \oddsidemargin=-38.12677pt
* \evensidemargin=-38.12677pt
* \topmargin=-75.12677pt
* \headheight=12.0pt
* \headsep=25.0pt
* \topskip=12.0pt
* \footskip=30.0pt
* \marginparwidth=44.0pt
* \marginparsep=10.0pt
* \columnsep=10.0pt
* \skip\footins=10.8pt plus 4.0pt minus 2.0pt
* \hoffset=0.0pt
* \voffset=0.0pt
* \mag=1000
* \@twocolumnfalse
* \@twosidefalse
* \@mparswitchfalse
* \@reversemarginfalse
* (1in=72.27pt=25.4mm, 1cm=28.453pt)

Package epstopdf Info: Source file: <Hist.eps>
(epstopdf)                    date: 2021-01-27 12:53:44
(epstopdf)                    size: 26418 bytes
(epstopdf)             Output file: <Hist-eps-converted-to.pdf>
(epstopdf)                    date: 2021-01-27 14:52:43
(epstopdf)                    size: 10561 bytes
(epstopdf)             Command: <repstopdf --outfile=Hist-eps-converted-to.pdf 
Hist.eps>
(epstopdf)             \includegraphics on input line 62.
Package epstopdf Info: Output file is already uptodate.
<Hist-eps-converted-to.pdf, id=5, 397.485pt x 289.08pt>
File: Hist-eps-converted-to.pdf Graphic file (type pdf)
<use Hist-eps-converted-to.pdf>
Package pdftex.def Info: Hist-eps-converted-to.pdf  used on input line 62.
(pdftex.def)             Requested size: 382.20432pt x 277.97679pt.
Package epstopdf Info: Source file: <MedianCapRaise.eps>
(epstopdf)                    date: 2021-01-27 16:14:06
(epstopdf)                    size: 20654 bytes
(epstopdf)             Output file: <MedianCapRaise-eps-converted-to.pdf>
(epstopdf)                    date: 2021-01-28 12:04:34
(epstopdf)                    size: 7841 bytes
(epstopdf)             Command: <repstopdf --outfile=MedianCapRaise-eps-convert
ed-to.pdf MedianCapRaise.eps>
(epstopdf)             \includegraphics on input line 69.
Package epstopdf Info: Output file is already uptodate.
<MedianCapRaise-eps-converted-to.pdf, id=6, 397.485pt x 289.08pt>
File: MedianCapRaise-eps-converted-to.pdf Graphic file (type pdf)
<use MedianCapRaise-eps-converted-to.pdf>
Package pdftex.def Info: MedianCapRaise-eps-converted-to.pdf  used on input lin
e 69.
(pdftex.def)             Requested size: 382.20432pt x 277.97679pt.
Package epstopdf Info: Source file: <MedianPercent.eps>
(epstopdf)                    date: 2021-01-27 16:14:04
(epstopdf)                    size: 23413 bytes
(epstopdf)             Output file: <MedianPercent-eps-converted-to.pdf>
(epstopdf)                    date: 2021-01-28 12:04:38
(epstopdf)                    size: 8040 bytes
(epstopdf)             Command: <repstopdf --outfile=MedianPercent-eps-converte
d-to.pdf MedianPercent.eps>
(epstopdf)             \includegraphics on input line 76.
Package epstopdf Info: Output file is already uptodate.
<MedianPercent-eps-converted-to.pdf, id=7, 397.485pt x 289.08pt>
File: MedianPercent-eps-converted-to.pdf Graphic file (type pdf)
<use MedianPercent-eps-converted-to.pdf>
Package pdftex.def Info: MedianPercent-eps-converted-to.pdf  used on input line
 76.
(pdftex.def)             Requested size: 382.20432pt x 277.97679pt.
Package epstopdf Info: Source file: <Number.eps>
(epstopdf)                    date: 2021-01-27 16:13:57
(epstopdf)                    size: 24359 bytes
(epstopdf)             Output file: <Number-eps-converted-to.pdf>
(epstopdf)                    date: 2021-01-28 12:04:41
(epstopdf)                    size: 8042 bytes
(epstopdf)             Command: <repstopdf --outfile=Number-eps-converted-to.pd
f Number.eps>
(epstopdf)             \includegraphics on input line 83.
Package epstopdf Info: Output file is already uptodate.
<Number-eps-converted-to.pdf, id=8, 397.485pt x 289.08pt>
File: Number-eps-converted-to.pdf Graphic file (type pdf)
<use Number-eps-converted-to.pdf>
Package pdftex.def Info: Number-eps-converted-to.pdf  used on input line 83.
(pdftex.def)             Requested size: 382.20432pt x 277.97679pt.
Package epstopdf Info: Source file: <Number2.eps>
(epstopdf)                    date: 2021-01-27 16:14:00
(epstopdf)                    size: 43410 bytes
(epstopdf)             Output file: <Number2-eps-converted-to.pdf>
(epstopdf)                    date: 2021-01-28 12:04:44
(epstopdf)                    size: 11756 bytes
(epstopdf)             Command: <repstopdf --outfile=Number2-eps-converted-to.p
df Number2.eps>
(epstopdf)             \includegraphics on input line 90.
Package epstopdf Info: Output file is already uptodate.
<Number2-eps-converted-to.pdf, id=9, 397.485pt x 289.08pt>
File: Number2-eps-converted-to.pdf Graphic file (type pdf)
<use Number2-eps-converted-to.pdf>
Package pdftex.def Info: Number2-eps-converted-to.pdf  used on input line 90.
(pdftex.def)             Requested size: 382.20432pt x 277.97679pt.
Package epstopdf Info: Source file: <Number3.eps>
(epstopdf)                    date: 2021-01-27 16:14:03
(epstopdf)                    size: 40757 bytes
(epstopdf)             Output file: <Number3-eps-converted-to.pdf>
(epstopdf)                    date: 2021-01-28 12:04:48
(epstopdf)                    size: 12361 bytes
(epstopdf)             Command: <repstopdf --outfile=Number3-eps-converted-to.p
df Number3.eps>
(epstopdf)             \includegraphics on input line 97.
Package epstopdf Info: Output file is already uptodate.
<Number3-eps-converted-to.pdf, id=10, 397.485pt x 289.08pt>
File: Number3-eps-converted-to.pdf Graphic file (type pdf)
<use Number3-eps-converted-to.pdf>
Package pdftex.def Info: Number3-eps-converted-to.pdf  used on input line 97.
(pdftex.def)             Requested size: 382.20432pt x 277.97679pt.
<QNumber.png, id=11, 1031.855pt x 750.805pt>
File: QNumber.png Graphic file (type png)
<use QNumber.png>
Package pdftex.def Info: QNumber.png  used on input line 104.
(pdftex.def)             Requested size: 382.20432pt x 278.10281pt.
<QNumber2.png, id=12, 1031.855pt x 750.805pt>
File: QNumber2.png Graphic file (type png)
<use QNumber2.png>
Package pdftex.def Info: QNumber2.png  used on input line 111.
(pdftex.def)             Requested size: 382.20432pt x 278.10281pt.
<QNumber3.png, id=13, 1031.855pt x 750.805pt>
File: QNumber3.png Graphic file (type png)
<use QNumber3.png>
Package pdftex.def Info: QNumber3.png  used on input line 119.
(pdftex.def)             Requested size: 382.20432pt x 278.10281pt.
 [1


{c:/texlive/2020/texmf-var/fonts/map/pdftex/updmap/pdftex.map}] [2 <./Hist-eps-
converted-to.pdf> <./MedianCapRaise-eps-converted-to.pdf>] [3 <./MedianPercent-
eps-converted-to.pdf> <./Number-eps-converted-to.pdf>] [4 <./Number2-eps-conver
ted-to.pdf> <./Number3-eps-converted-to.pdf>] [5 <./QNumber.png (PNG copy)> <./
QNumber2.png (PNG copy)>] [6 <./QNumber3.png (PNG copy)>]
<Q2Number.png, id=81, 1154.3125pt x 632.3625pt>
File: Q2Number.png Graphic file (type png)
<use Q2Number.png>
Package pdftex.def Info: Q2Number.png  used on input line 132.
(pdftex.def)             Requested size: 726.68355pt x 398.11066pt.
 [7 <./Q2Number.png>]
<Q2Number2.png, id=90, 1154.3125pt x 672.5125pt>
File: Q2Number2.png Graphic file (type png)
<use Q2Number2.png>
Package pdftex.def Info: Q2Number2.png  used on input line 140.
(pdftex.def)             Requested size: 726.68355pt x 423.38753pt.
 [8 <./Q2Number2.png>]
Package epstopdf Info: Source file: <AbReturn.eps>
(epstopdf)                    date: 2021-01-28 15:50:32
(epstopdf)                    size: 23286 bytes
(epstopdf)             Output file: <AbReturn-eps-converted-to.pdf>
(epstopdf)                    date: 2021-01-28 15:59:25
(epstopdf)                    size: 9844 bytes
(epstopdf)             Command: <repstopdf --outfile=AbReturn-eps-converted-to.
pdf AbReturn.eps>
(epstopdf)             \includegraphics on input line 152.
Package epstopdf Info: Output file is already uptodate.
<AbReturn-eps-converted-to.pdf, id=97, 397.485pt x 289.08pt>
File: AbReturn-eps-converted-to.pdf Graphic file (type pdf)
<use AbReturn-eps-converted-to.pdf>
Package pdftex.def Info: AbReturn-eps-converted-to.pdf  used on input line 152.

(pdftex.def)             Requested size: 382.20432pt x 277.97679pt.
Package epstopdf Info: Source file: <95-5AbReturn.eps>
(epstopdf)                    date: 2021-01-28 16:00:19
(epstopdf)                    size: 42549 bytes
(epstopdf)             Output file: <95-5AbReturn-eps-converted-to.pdf>
(epstopdf)                    date: 2021-01-28 16:00:28
(epstopdf)                    size: 17438 bytes
(epstopdf)             Command: <repstopdf --outfile=95-5AbReturn-eps-converted
-to.pdf 95-5AbReturn.eps>
(epstopdf)             \includegraphics on input line 159.
Package epstopdf Info: Output file is already uptodate.
<95-5AbReturn-eps-converted-to.pdf, id=98, 397.485pt x 289.08pt>
File: 95-5AbReturn-eps-converted-to.pdf Graphic file (type pdf)
<use 95-5AbReturn-eps-converted-to.pdf>
Package pdftex.def Info: 95-5AbReturn-eps-converted-to.pdf  used on input line 
159.
(pdftex.def)             Requested size: 382.20432pt x 277.97679pt.
<AbReturnPremium.png, id=99, 794.97pt x 578.16pt>
File: AbReturnPremium.png Graphic file (type png)
<use AbReturnPremium.png>
Package pdftex.def Info: AbReturnPremium.png  used on input line 169.
(pdftex.def)             Requested size: 382.20432pt x 277.97238pt.
<AbReturnRevalution.png, id=100, 794.97pt x 578.16pt>
File: AbReturnRevalution.png Graphic file (type png)
<use AbReturnRevalution.png>
Package pdftex.def Info: AbReturnRevalution.png  used on input line 175.
(pdftex.def)             Requested size: 382.20432pt x 277.97238pt.
<AbReturnSaving.png, id=101, 794.97pt x 578.16pt>
File: AbReturnSaving.png Graphic file (type png)
<use AbReturnSaving.png>
Package pdftex.def Info: AbReturnSaving.png  used on input line 181.
(pdftex.def)             Requested size: 382.20432pt x 277.97238pt.
<AbReturnCash.png, id=102, 794.97pt x 578.16pt>
File: AbReturnCash.png Graphic file (type png)
<use AbReturnCash.png>
Package pdftex.def Info: AbReturnCash.png  used on input line 187.
(pdftex.def)             Requested size: 382.20432pt x 277.97238pt.
<AbReturnHybrid.png, id=103, 794.97pt x 578.16pt>
File: AbReturnHybrid.png Graphic file (type png)
<use AbReturnHybrid.png>
Package pdftex.def Info: AbReturnHybrid.png  used on input line 193.
(pdftex.def)             Requested size: 382.20432pt x 277.97238pt.
<EReturn.png, id=104, 794.97pt x 578.16pt>
File: EReturn.png Graphic file (type png)
<use EReturn.png>
Package pdftex.def Info: EReturn.png  used on input line 203.
(pdftex.def)             Requested size: 382.20432pt x 277.97238pt.
<Return.png, id=105, 794.97pt x 578.16pt>
File: Return.png Graphic file (type png)
<use Return.png>
Package pdftex.def Info: Return.png  used on input line 210.
(pdftex.def)             Requested size: 382.20432pt x 277.97238pt.
Package atveryend Info: Empty hook `BeforeClearDocument' on input line 217.
 [9 <./AbReturn-eps-converted-to.pdf> <./95-5AbReturn-eps-converted-to.pdf>] [1
0 <./AbReturnPremium.png (PNG copy)> <./AbReturnRevalution.png (PNG copy)>] [11
 <./AbReturnSaving.png (PNG copy)> <./AbReturnCash.png (PNG copy)>] [12 <./AbRe
turnHybrid.png (PNG copy)> <./EReturn.png (PNG copy)>] [13 <./Return.png (PNG c
opy)>]
Package atveryend Info: Empty hook `AfterLastShipout' on input line 217.

(./CapitalRaise.aux)
Package atveryend Info: Executing hook `AtVeryEndDocument' on input line 217.
Package atveryend Info: Executing hook `AtEndAfterFileList' on input line 217.
Package rerunfilecheck Info: File `CapitalRaise.out' has not changed.
(rerunfilecheck)             Checksum: D41D8CD98F00B204E9800998ECF8427E;0.
Package atveryend Info: Empty hook `AtVeryVeryEnd' on input line 217.
 ) 
Here is how much of TeX's memory you used:
 8345 strings out of 480608
 127949 string characters out of 5907536
 404480 words of memory out of 5000000
 24056 multiletter control sequences out of 15000+600000
 537411 words of font info for 42 fonts, out of 8000000 for 9000
 1141 hyphenation exceptions out of 8191
 48i,9n,46p,283b,345s stack positions out of 5000i,500n,10000p,200000b,80000s
<c:/texlive/2020/texmf-dist/fonts/type1/public/amsfonts/cm/cmr12.pfb><c:/texl
ive/2020/texmf-dist/fonts/type1/public/amsfonts/cm/cmr17.pfb>
Output written on CapitalRaise.pdf (13 pages, 586818 bytes).
PDF statistics:
 166 PDF objects out of 1000 (max. 8388607)
 117 compressed objects within 2 object streams
 35 named destinations out of 1000 (max. 500000)
 101 words of extra memory for PDF output out of 10000 (max. 10000000)

