This is pdfTeX, Version 3.14159265-2.6-1.40.21 (TeX Live 2020/W32TeX) (preloaded format=pdflatex 2021.5.13)  22 AUG 2021 14:42
entering extended mode
 restricted \write18 enabled.
 %&-line parsing enabled.
**"CapitalRaise - Slide.tex"
(./CapitalRaise - Slide.tex
LaTeX2e <2020-02-02> patch level 5
L3 programming layer <2020-03-06>
(c:/texlive/2020/texmf-dist/tex/latex/beamer/beamer.cls
Document Class: beamer 2019/09/29 v3.57 A class for typesetting presentations
(c:/texlive/2020/texmf-dist/tex/latex/beamer/beamerbasemodes.sty
(c:/texlive/2020/texmf-dist/tex/latex/etoolbox/etoolbox.sty
Package: etoolbox 2019/09/21 v2.5h e-TeX tools for LaTeX (JAW)
\etb@tempcnta=\count167
)
\beamer@tempbox=\box45
\beamer@tempcount=\count168
\c@beamerpauses=\count169

(c:/texlive/2020/texmf-dist/tex/latex/beamer/beamerbasedecode.sty
\beamer@slideinframe=\count170
\beamer@minimum=\count171
\beamer@decode@box=\box46
)
\beamer@commentbox=\box47
\beamer@modecount=\count172
)
(c:/texlive/2020/texmf-dist/tex/generic/iftex/ifpdf.sty
Package: ifpdf 2019/10/25 v3.4 ifpdf legacy package. Use iftex instead.

(c:/texlive/2020/texmf-dist/tex/generic/iftex/iftex.sty
Package: iftex 2020/03/06 v1.0d TeX engine tests
))
\headdp=\dimen134
\footheight=\dimen135
\sidebarheight=\dimen136
\beamer@tempdim=\dimen137
\beamer@finalheight=\dimen138
\beamer@animht=\dimen139
\beamer@animdp=\dimen140
\beamer@animwd=\dimen141
\beamer@leftmargin=\dimen142
\beamer@rightmargin=\dimen143
\beamer@leftsidebar=\dimen144
\beamer@rightsidebar=\dimen145
\beamer@boxsize=\dimen146
\beamer@vboxoffset=\dimen147
\beamer@descdefault=\dimen148
\beamer@descriptionwidth=\dimen149
\beamer@lastskip=\skip47
\beamer@areabox=\box48
\beamer@animcurrent=\box49
\beamer@animshowbox=\box50
\beamer@sectionbox=\box51
\beamer@logobox=\box52
\beamer@linebox=\box53
\beamer@sectioncount=\count173
\beamer@subsubsectionmax=\count174
\beamer@subsectionmax=\count175
\beamer@sectionmax=\count176
\beamer@totalheads=\count177
\beamer@headcounter=\count178
\beamer@partstartpage=\count179
\beamer@sectionstartpage=\count180
\beamer@subsectionstartpage=\count181
\beamer@animationtempa=\count182
\beamer@animationtempb=\count183
\beamer@xpos=\count184
\beamer@ypos=\count185
\beamer@ypos@offset=\count186
\beamer@showpartnumber=\count187
\beamer@currentsubsection=\count188
\beamer@coveringdepth=\count189
\beamer@sectionadjust=\count190
\beamer@tocsectionnumber=\count191

(c:/texlive/2020/texmf-dist/tex/latex/beamer/beamerbaseoptions.sty
(c:/texlive/2020/texmf-dist/tex/latex/graphics/keyval.sty
Package: keyval 2014/10/28 v1.15 key=value parser (DPC)
\KV@toks@=\toks15
))
\beamer@paperwidth=\skip48
\beamer@paperheight=\skip49

(c:/texlive/2020/texmf-dist/tex/latex/geometry/geometry.sty
Package: geometry 2020/01/02 v5.9 Page Geometry

(c:/texlive/2020/texmf-dist/tex/generic/iftex/ifvtex.sty
Package: ifvtex 2019/10/25 v1.7 ifvtex legacy package. Use iftex instead.
)
\Gm@cnth=\count192
\Gm@cntv=\count193
\c@Gm@tempcnt=\count194
\Gm@bindingoffset=\dimen150
\Gm@wd@mp=\dimen151
\Gm@odd@mp=\dimen152
\Gm@even@mp=\dimen153
\Gm@layoutwidth=\dimen154
\Gm@layoutheight=\dimen155
\Gm@layouthoffset=\dimen156
\Gm@layoutvoffset=\dimen157
\Gm@dimlist=\toks16
)
(c:/texlive/2020/texmf-dist/tex/latex/base/size11.clo
File: size11.clo 2019/12/20 v1.4l Standard LaTeX file (size option)
)
(c:/texlive/2020/texmf-dist/tex/latex/pgf/basiclayer/pgfcore.sty
(c:/texlive/2020/texmf-dist/tex/latex/graphics/graphicx.sty
Package: graphicx 2019/11/30 v1.2a Enhanced LaTeX Graphics (DPC,SPQR)

(c:/texlive/2020/texmf-dist/tex/latex/graphics/graphics.sty
Package: graphics 2019/11/30 v1.4a Standard LaTeX Graphics (DPC,SPQR)

(c:/texlive/2020/texmf-dist/tex/latex/graphics/trig.sty
Package: trig 2016/01/03 v1.10 sin cos tan (DPC)
)
(c:/texlive/2020/texmf-dist/tex/latex/graphics-cfg/graphics.cfg
File: graphics.cfg 2016/06/04 v1.11 sample graphics configuration
)
Package graphics Info: Driver file: pdftex.def on input line 105.

(c:/texlive/2020/texmf-dist/tex/latex/graphics-def/pdftex.def
File: pdftex.def 2018/01/08 v1.0l Graphics/color driver for pdftex
))
\Gin@req@height=\dimen158
\Gin@req@width=\dimen159
)
(c:/texlive/2020/texmf-dist/tex/latex/pgf/systemlayer/pgfsys.sty
(c:/texlive/2020/texmf-dist/tex/latex/pgf/utilities/pgfrcs.sty
(c:/texlive/2020/texmf-dist/tex/generic/pgf/utilities/pgfutil-common.tex
\pgfutil@everybye=\toks17
\pgfutil@tempdima=\dimen160
\pgfutil@tempdimb=\dimen161

(c:/texlive/2020/texmf-dist/tex/generic/pgf/utilities/pgfutil-common-lists.tex)
) (c:/texlive/2020/texmf-dist/tex/generic/pgf/utilities/pgfutil-latex.def
\pgfutil@abb=\box54

(c:/texlive/2020/texmf-dist/tex/latex/ms/everyshi.sty
Package: everyshi 2001/05/15 v3.00 EveryShipout Package (MS)
))
(c:/texlive/2020/texmf-dist/tex/generic/pgf/utilities/pgfrcs.code.tex
(c:/texlive/2020/texmf-dist/tex/generic/pgf/pgf.revision.tex)
Package: pgfrcs 2020/01/08 v3.1.5b (3.1.5b)
))
(c:/texlive/2020/texmf-dist/tex/generic/pgf/systemlayer/pgfsys.code.tex
Package: pgfsys 2020/01/08 v3.1.5b (3.1.5b)

(c:/texlive/2020/texmf-dist/tex/generic/pgf/utilities/pgfkeys.code.tex
\pgfkeys@pathtoks=\toks18
\pgfkeys@temptoks=\toks19

(c:/texlive/2020/texmf-dist/tex/generic/pgf/utilities/pgfkeysfiltered.code.tex
\pgfkeys@tmptoks=\toks20
))
\pgf@x=\dimen162
\pgf@y=\dimen163
\pgf@xa=\dimen164
\pgf@ya=\dimen165
\pgf@xb=\dimen166
\pgf@yb=\dimen167
\pgf@xc=\dimen168
\pgf@yc=\dimen169
\pgf@xd=\dimen170
\pgf@yd=\dimen171
\w@pgf@writea=\write3
\r@pgf@reada=\read2
\c@pgf@counta=\count195
\c@pgf@countb=\count196
\c@pgf@countc=\count197
\c@pgf@countd=\count198
\t@pgf@toka=\toks21
\t@pgf@tokb=\toks22
\t@pgf@tokc=\toks23
\pgf@sys@id@count=\count199
 (c:/texlive/2020/texmf-dist/tex/generic/pgf/systemlayer/pgf.cfg
File: pgf.cfg 2020/01/08 v3.1.5b (3.1.5b)
)
Driver file for pgf: pgfsys-pdftex.def

(c:/texlive/2020/texmf-dist/tex/generic/pgf/systemlayer/pgfsys-pdftex.def
File: pgfsys-pdftex.def 2020/01/08 v3.1.5b (3.1.5b)

(c:/texlive/2020/texmf-dist/tex/generic/pgf/systemlayer/pgfsys-common-pdf.def
File: pgfsys-common-pdf.def 2020/01/08 v3.1.5b (3.1.5b)
)))
(c:/texlive/2020/texmf-dist/tex/generic/pgf/systemlayer/pgfsyssoftpath.code.tex
File: pgfsyssoftpath.code.tex 2020/01/08 v3.1.5b (3.1.5b)
\pgfsyssoftpath@smallbuffer@items=\count266
\pgfsyssoftpath@bigbuffer@items=\count267
)
(c:/texlive/2020/texmf-dist/tex/generic/pgf/systemlayer/pgfsysprotocol.code.tex
File: pgfsysprotocol.code.tex 2020/01/08 v3.1.5b (3.1.5b)
)) (c:/texlive/2020/texmf-dist/tex/latex/xcolor/xcolor.sty
Package: xcolor 2016/05/11 v2.12 LaTeX color extensions (UK)

(c:/texlive/2020/texmf-dist/tex/latex/graphics-cfg/color.cfg
File: color.cfg 2016/01/02 v1.6 sample color configuration
)
Package xcolor Info: Driver file: pdftex.def on input line 225.
Package xcolor Info: Model `cmy' substituted by `cmy0' on input line 1348.
Package xcolor Info: Model `hsb' substituted by `rgb' on input line 1352.
Package xcolor Info: Model `RGB' extended on input line 1364.
Package xcolor Info: Model `HTML' substituted by `rgb' on input line 1366.
Package xcolor Info: Model `Hsb' substituted by `hsb' on input line 1367.
Package xcolor Info: Model `tHsb' substituted by `hsb' on input line 1368.
Package xcolor Info: Model `HSB' substituted by `hsb' on input line 1369.
Package xcolor Info: Model `Gray' substituted by `gray' on input line 1370.
Package xcolor Info: Model `wave' substituted by `hsb' on input line 1371.
)
(c:/texlive/2020/texmf-dist/tex/generic/pgf/basiclayer/pgfcore.code.tex
Package: pgfcore 2020/01/08 v3.1.5b (3.1.5b)

(c:/texlive/2020/texmf-dist/tex/generic/pgf/math/pgfmath.code.tex
(c:/texlive/2020/texmf-dist/tex/generic/pgf/math/pgfmathcalc.code.tex
(c:/texlive/2020/texmf-dist/tex/generic/pgf/math/pgfmathutil.code.tex)
(c:/texlive/2020/texmf-dist/tex/generic/pgf/math/pgfmathparser.code.tex
\pgfmath@dimen=\dimen172
\pgfmath@count=\count268
\pgfmath@box=\box55
\pgfmath@toks=\toks24
\pgfmath@stack@operand=\toks25
\pgfmath@stack@operation=\toks26
)
(c:/texlive/2020/texmf-dist/tex/generic/pgf/math/pgfmathfunctions.code.tex
(c:/texlive/2020/texmf-dist/tex/generic/pgf/math/pgfmathfunctions.basic.code.te
x)
(c:/texlive/2020/texmf-dist/tex/generic/pgf/math/pgfmathfunctions.trigonometric
.code.tex)
(c:/texlive/2020/texmf-dist/tex/generic/pgf/math/pgfmathfunctions.random.code.t
ex)
(c:/texlive/2020/texmf-dist/tex/generic/pgf/math/pgfmathfunctions.comparison.co
de.tex)
(c:/texlive/2020/texmf-dist/tex/generic/pgf/math/pgfmathfunctions.base.code.tex
)
(c:/texlive/2020/texmf-dist/tex/generic/pgf/math/pgfmathfunctions.round.code.te
x)
(c:/texlive/2020/texmf-dist/tex/generic/pgf/math/pgfmathfunctions.misc.code.tex
)
(c:/texlive/2020/texmf-dist/tex/generic/pgf/math/pgfmathfunctions.integerarithm
etics.code.tex)))
(c:/texlive/2020/texmf-dist/tex/generic/pgf/math/pgfmathfloat.code.tex
\c@pgfmathroundto@lastzeros=\count269
))
(c:/texlive/2020/texmf-dist/tex/generic/pgf/math/pgfint.code.tex)
(c:/texlive/2020/texmf-dist/tex/generic/pgf/basiclayer/pgfcorepoints.code.tex
File: pgfcorepoints.code.tex 2020/01/08 v3.1.5b (3.1.5b)
\pgf@picminx=\dimen173
\pgf@picmaxx=\dimen174
\pgf@picminy=\dimen175
\pgf@picmaxy=\dimen176
\pgf@pathminx=\dimen177
\pgf@pathmaxx=\dimen178
\pgf@pathminy=\dimen179
\pgf@pathmaxy=\dimen180
\pgf@xx=\dimen181
\pgf@xy=\dimen182
\pgf@yx=\dimen183
\pgf@yy=\dimen184
\pgf@zx=\dimen185
\pgf@zy=\dimen186
)
(c:/texlive/2020/texmf-dist/tex/generic/pgf/basiclayer/pgfcorepathconstruct.cod
e.tex
File: pgfcorepathconstruct.code.tex 2020/01/08 v3.1.5b (3.1.5b)
\pgf@path@lastx=\dimen187
\pgf@path@lasty=\dimen188
)
(c:/texlive/2020/texmf-dist/tex/generic/pgf/basiclayer/pgfcorepathusage.code.te
x
File: pgfcorepathusage.code.tex 2020/01/08 v3.1.5b (3.1.5b)
\pgf@shorten@end@additional=\dimen189
\pgf@shorten@start@additional=\dimen190
)
(c:/texlive/2020/texmf-dist/tex/generic/pgf/basiclayer/pgfcorescopes.code.tex
File: pgfcorescopes.code.tex 2020/01/08 v3.1.5b (3.1.5b)
\pgfpic=\box56
\pgf@hbox=\box57
\pgf@layerbox@main=\box58
\pgf@picture@serial@count=\count270
)
(c:/texlive/2020/texmf-dist/tex/generic/pgf/basiclayer/pgfcoregraphicstate.code
.tex
File: pgfcoregraphicstate.code.tex 2020/01/08 v3.1.5b (3.1.5b)
\pgflinewidth=\dimen191
)
(c:/texlive/2020/texmf-dist/tex/generic/pgf/basiclayer/pgfcoretransformations.c
ode.tex
File: pgfcoretransformations.code.tex 2020/01/08 v3.1.5b (3.1.5b)
\pgf@pt@x=\dimen192
\pgf@pt@y=\dimen193
\pgf@pt@temp=\dimen194
)
(c:/texlive/2020/texmf-dist/tex/generic/pgf/basiclayer/pgfcorequick.code.tex
File: pgfcorequick.code.tex 2020/01/08 v3.1.5b (3.1.5b)
)
(c:/texlive/2020/texmf-dist/tex/generic/pgf/basiclayer/pgfcoreobjects.code.tex
File: pgfcoreobjects.code.tex 2020/01/08 v3.1.5b (3.1.5b)
)
(c:/texlive/2020/texmf-dist/tex/generic/pgf/basiclayer/pgfcorepathprocessing.co
de.tex
File: pgfcorepathprocessing.code.tex 2020/01/08 v3.1.5b (3.1.5b)
)
(c:/texlive/2020/texmf-dist/tex/generic/pgf/basiclayer/pgfcorearrows.code.tex
File: pgfcorearrows.code.tex 2020/01/08 v3.1.5b (3.1.5b)
\pgfarrowsep=\dimen195
)
(c:/texlive/2020/texmf-dist/tex/generic/pgf/basiclayer/pgfcoreshade.code.tex
File: pgfcoreshade.code.tex 2020/01/08 v3.1.5b (3.1.5b)
\pgf@max=\dimen196
\pgf@sys@shading@range@num=\count271
\pgf@shadingcount=\count272
)
(c:/texlive/2020/texmf-dist/tex/generic/pgf/basiclayer/pgfcoreimage.code.tex
File: pgfcoreimage.code.tex 2020/01/08 v3.1.5b (3.1.5b)

(c:/texlive/2020/texmf-dist/tex/generic/pgf/basiclayer/pgfcoreexternal.code.tex
File: pgfcoreexternal.code.tex 2020/01/08 v3.1.5b (3.1.5b)
\pgfexternal@startupbox=\box59
))
(c:/texlive/2020/texmf-dist/tex/generic/pgf/basiclayer/pgfcorelayers.code.tex
File: pgfcorelayers.code.tex 2020/01/08 v3.1.5b (3.1.5b)
)
(c:/texlive/2020/texmf-dist/tex/generic/pgf/basiclayer/pgfcoretransparency.code
.tex
File: pgfcoretransparency.code.tex 2020/01/08 v3.1.5b (3.1.5b)
)
(c:/texlive/2020/texmf-dist/tex/generic/pgf/basiclayer/pgfcorepatterns.code.tex
File: pgfcorepatterns.code.tex 2020/01/08 v3.1.5b (3.1.5b)
) (c:/texlive/2020/texmf-dist/tex/generic/pgf/basiclayer/pgfcorerdf.code.tex
File: pgfcorerdf.code.tex 2020/01/08 v3.1.5b (3.1.5b)
))) (c:/texlive/2020/texmf-dist/tex/latex/pgf/utilities/xxcolor.sty
Package: xxcolor 2003/10/24 ver 0.1
\XC@nummixins=\count273
\XC@countmixins=\count274
)
(c:/texlive/2020/texmf-dist/tex/generic/atbegshi/atbegshi.sty
Package: atbegshi 2019/12/05 v1.19 At begin shipout hook (HO)

(c:/texlive/2020/texmf-dist/tex/generic/infwarerr/infwarerr.sty
Package: infwarerr 2019/12/03 v1.5 Providing info/warning/error messages (HO)
)
(c:/texlive/2020/texmf-dist/tex/generic/ltxcmds/ltxcmds.sty
Package: ltxcmds 2019/12/15 v1.24 LaTeX kernel commands for general use (HO)
))
(c:/texlive/2020/texmf-dist/tex/latex/hyperref/hyperref.sty
Package: hyperref 2020/01/14 v7.00d Hypertext links for LaTeX

(c:/texlive/2020/texmf-dist/tex/latex/pdftexcmds/pdftexcmds.sty
Package: pdftexcmds 2019/11/24 v0.31 Utility functions of pdfTeX for LuaTeX (HO
)
Package pdftexcmds Info: \pdf@primitive is available.
Package pdftexcmds Info: \pdf@ifprimitive is available.
Package pdftexcmds Info: \pdfdraftmode found.
)
(c:/texlive/2020/texmf-dist/tex/generic/kvsetkeys/kvsetkeys.sty
Package: kvsetkeys 2019/12/15 v1.18 Key value parser (HO)
)
(c:/texlive/2020/texmf-dist/tex/generic/kvdefinekeys/kvdefinekeys.sty
Package: kvdefinekeys 2019-12-19 v1.6 Define keys (HO)
)
(c:/texlive/2020/texmf-dist/tex/generic/pdfescape/pdfescape.sty
Package: pdfescape 2019/12/09 v1.15 Implements pdfTeX's escape features (HO)
)
(c:/texlive/2020/texmf-dist/tex/latex/hycolor/hycolor.sty
Package: hycolor 2020-01-27 v1.10 Color options for hyperref/bookmark (HO)
)
(c:/texlive/2020/texmf-dist/tex/latex/letltxmacro/letltxmacro.sty
Package: letltxmacro 2019/12/03 v1.6 Let assignment for LaTeX macros (HO)
)
(c:/texlive/2020/texmf-dist/tex/latex/auxhook/auxhook.sty
Package: auxhook 2019-12-17 v1.6 Hooks for auxiliary files (HO)
)
(c:/texlive/2020/texmf-dist/tex/latex/kvoptions/kvoptions.sty
Package: kvoptions 2019/11/29 v3.13 Key value format for package options (HO)
)
\@linkdim=\dimen197
\Hy@linkcounter=\count275
\Hy@pagecounter=\count276

(c:/texlive/2020/texmf-dist/tex/latex/hyperref/pd1enc.def
File: pd1enc.def 2020/01/14 v7.00d Hyperref: PDFDocEncoding definition (HO)
Now handling font encoding PD1 ...
... no UTF-8 mapping file for font encoding PD1
)
(c:/texlive/2020/texmf-dist/tex/generic/intcalc/intcalc.sty
Package: intcalc 2019/12/15 v1.3 Expandable calculations with integers (HO)
)
(c:/texlive/2020/texmf-dist/tex/generic/etexcmds/etexcmds.sty
Package: etexcmds 2019/12/15 v1.7 Avoid name clashes with e-TeX commands (HO)
)
\Hy@SavedSpaceFactor=\count277
Package hyperref Info: Option `bookmarks' set `true' on input line 4421.
Package hyperref Info: Option `bookmarksopen' set `true' on input line 4421.
Package hyperref Info: Option `implicit' set `false' on input line 4421.
Package hyperref Info: Hyper figures OFF on input line 4547.
Package hyperref Info: Link nesting OFF on input line 4552.
Package hyperref Info: Hyper index ON on input line 4555.
Package hyperref Info: Plain pages OFF on input line 4562.
Package hyperref Info: Backreferencing OFF on input line 4567.
Package hyperref Info: Implicit mode OFF; no redefinition of LaTeX internals.
Package hyperref Info: Bookmarks ON on input line 4800.
\c@Hy@tempcnt=\count278

(c:/texlive/2020/texmf-dist/tex/latex/url/url.sty
\Urlmuskip=\muskip16
Package: url 2013/09/16  ver 3.4  Verb mode for urls, etc.
)
LaTeX Info: Redefining \url on input line 5159.
\XeTeXLinkMargin=\dimen198

(c:/texlive/2020/texmf-dist/tex/generic/bitset/bitset.sty
Package: bitset 2019/12/09 v1.3 Handle bit-vector datatype (HO)

(c:/texlive/2020/texmf-dist/tex/generic/bigintcalc/bigintcalc.sty
Package: bigintcalc 2019/12/15 v1.5 Expandable calculations on big integers (HO
)
))
\Fld@menulength=\count279
\Field@Width=\dimen199
\Fld@charsize=\dimen256
Package hyperref Info: Hyper figures OFF on input line 6430.
Package hyperref Info: Link nesting OFF on input line 6435.
Package hyperref Info: Hyper index ON on input line 6438.
Package hyperref Info: backreferencing OFF on input line 6445.
Package hyperref Info: Link coloring OFF on input line 6450.
Package hyperref Info: Link coloring with OCG OFF on input line 6455.
Package hyperref Info: PDF/A mode OFF on input line 6460.
LaTeX Info: Redefining \ref on input line 6500.
LaTeX Info: Redefining \pageref on input line 6504.
\Hy@abspage=\count280


Package hyperref Message: Stopped early.

)
Package hyperref Info: Driver (autodetected): hpdftex.
 (c:/texlive/2020/texmf-dist/tex/latex/hyperref/hpdftex.def
File: hpdftex.def 2020/01/14 v7.00d Hyperref driver for pdfTeX

(c:/texlive/2020/texmf-dist/tex/latex/atveryend/atveryend.sty
Package: atveryend 2019-12-11 v1.11 Hooks at the very end of document (HO)
)
\Fld@listcount=\count281
\c@bookmark@seq@number=\count282

(c:/texlive/2020/texmf-dist/tex/latex/rerunfilecheck/rerunfilecheck.sty
Package: rerunfilecheck 2019/12/05 v1.9 Rerun checks for auxiliary files (HO)

(c:/texlive/2020/texmf-dist/tex/generic/uniquecounter/uniquecounter.sty
Package: uniquecounter 2019/12/15 v1.4 Provide unlimited unique counter (HO)
)
Package uniquecounter Info: New unique counter `rerunfilecheck' on input line 2
86.
))
(c:/texlive/2020/texmf-dist/tex/latex/beamer/beamerbaserequires.sty
(c:/texlive/2020/texmf-dist/tex/latex/beamer/beamerbasecompatibility.sty)
(c:/texlive/2020/texmf-dist/tex/latex/beamer/beamerbasefont.sty
(c:/texlive/2020/texmf-dist/tex/latex/amsfonts/amssymb.sty
Package: amssymb 2013/01/14 v3.01 AMS font symbols

(c:/texlive/2020/texmf-dist/tex/latex/amsfonts/amsfonts.sty
Package: amsfonts 2013/01/14 v3.01 Basic AMSFonts support
\@emptytoks=\toks27
\symAMSa=\mathgroup4
\symAMSb=\mathgroup5
LaTeX Font Info:    Redeclaring math symbol \hbar on input line 98.
LaTeX Font Info:    Overwriting math alphabet `\mathfrak' in version `bold'
(Font)                  U/euf/m/n --> U/euf/b/n on input line 106.
))
(c:/texlive/2020/texmf-dist/tex/latex/sansmathaccent/sansmathaccent.sty
Package: sansmathaccent 2020/01/31

(c:/texlive/2020/texmf-dist/tex/latex/koma-script/scrlfile.sty
Package: scrlfile 2020/01/24 v3.29 KOMA-Script package (loading files)
)))
(c:/texlive/2020/texmf-dist/tex/latex/beamer/beamerbasetranslator.sty
(c:/texlive/2020/texmf-dist/tex/latex/translator/translator.sty
Package: translator 2019-05-31 v1.12a Easy translation of strings in LaTeX
))
(c:/texlive/2020/texmf-dist/tex/latex/beamer/beamerbasemisc.sty)
(c:/texlive/2020/texmf-dist/tex/latex/beamer/beamerbasetwoscreens.sty)
(c:/texlive/2020/texmf-dist/tex/latex/beamer/beamerbaseoverlay.sty
\beamer@argscount=\count283
\beamer@lastskipcover=\skip50
\beamer@trivlistdepth=\count284
)
(c:/texlive/2020/texmf-dist/tex/latex/beamer/beamerbasetitle.sty)
(c:/texlive/2020/texmf-dist/tex/latex/beamer/beamerbasesection.sty
\c@lecture=\count285
\c@part=\count286
\c@section=\count287
\c@subsection=\count288
\c@subsubsection=\count289
)
(c:/texlive/2020/texmf-dist/tex/latex/beamer/beamerbaseframe.sty
\beamer@framebox=\box60
\beamer@frametitlebox=\box61
\beamer@zoombox=\box62
\beamer@zoomcount=\count290
\beamer@zoomframecount=\count291
\beamer@frametextheight=\dimen257
\c@subsectionslide=\count292
\beamer@frametopskip=\skip51
\beamer@framebottomskip=\skip52
\beamer@frametopskipautobreak=\skip53
\beamer@framebottomskipautobreak=\skip54
\beamer@envbody=\toks28
\framewidth=\dimen258
\c@framenumber=\count293
)
(c:/texlive/2020/texmf-dist/tex/latex/beamer/beamerbaseverbatim.sty
\beamer@verbatimfileout=\write4
)
(c:/texlive/2020/texmf-dist/tex/latex/beamer/beamerbaseframesize.sty
\beamer@splitbox=\box63
\beamer@autobreakcount=\count294
\beamer@autobreaklastheight=\dimen259
\beamer@frametitletoks=\toks29
\beamer@framesubtitletoks=\toks30
)
(c:/texlive/2020/texmf-dist/tex/latex/beamer/beamerbaseframecomponents.sty
\beamer@footins=\box64
)
(c:/texlive/2020/texmf-dist/tex/latex/beamer/beamerbasecolor.sty)
(c:/texlive/2020/texmf-dist/tex/latex/beamer/beamerbasenotes.sty
\beamer@frameboxcopy=\box65
)
(c:/texlive/2020/texmf-dist/tex/latex/beamer/beamerbasetoc.sty)
(c:/texlive/2020/texmf-dist/tex/latex/beamer/beamerbasetemplates.sty
\beamer@sbttoks=\toks31

(c:/texlive/2020/texmf-dist/tex/latex/beamer/beamerbaseauxtemplates.sty
(c:/texlive/2020/texmf-dist/tex/latex/beamer/beamerbaseboxes.sty
\bmb@box=\box66
\bmb@colorbox=\box67
\bmb@boxshadow=\box68
\bmb@boxshadowball=\box69
\bmb@boxshadowballlarge=\box70
\bmb@temp=\dimen260
\bmb@dima=\dimen261
\bmb@dimb=\dimen262
\bmb@prevheight=\dimen263
)
\beamer@blockheadheight=\dimen264
))
(c:/texlive/2020/texmf-dist/tex/latex/beamer/beamerbaselocalstructure.sty
(c:/texlive/2020/texmf-dist/tex/latex/tools/enumerate.sty
Package: enumerate 2015/07/23 v3.00 enumerate extensions (DPC)
\@enLab=\toks32
)
\c@figure=\count295
\c@table=\count296
\abovecaptionskip=\skip55
\belowcaptionskip=\skip56
)
(c:/texlive/2020/texmf-dist/tex/latex/beamer/beamerbasenavigation.sty
\beamer@section@min@dim=\dimen265
)
(c:/texlive/2020/texmf-dist/tex/latex/beamer/beamerbasetheorems.sty
(c:/texlive/2020/texmf-dist/tex/latex/amsmath/amsmath.sty
Package: amsmath 2020/01/20 v2.17e AMS math features
\@mathmargin=\skip57

For additional information on amsmath, use the `?' option.
(c:/texlive/2020/texmf-dist/tex/latex/amsmath/amstext.sty
Package: amstext 2000/06/29 v2.01 AMS text

(c:/texlive/2020/texmf-dist/tex/latex/amsmath/amsgen.sty
File: amsgen.sty 1999/11/30 v2.0 generic functions
\@emptytoks=\toks33
\ex@=\dimen266
))
(c:/texlive/2020/texmf-dist/tex/latex/amsmath/amsbsy.sty
Package: amsbsy 1999/11/29 v1.2d Bold Symbols
\pmbraise@=\dimen267
)
(c:/texlive/2020/texmf-dist/tex/latex/amsmath/amsopn.sty
Package: amsopn 2016/03/08 v2.02 operator names
)
\inf@bad=\count297
LaTeX Info: Redefining \frac on input line 227.
\uproot@=\count298
\leftroot@=\count299
LaTeX Info: Redefining \overline on input line 389.
\classnum@=\count300
\DOTSCASE@=\count301
LaTeX Info: Redefining \ldots on input line 486.
LaTeX Info: Redefining \dots on input line 489.
LaTeX Info: Redefining \cdots on input line 610.
\Mathstrutbox@=\box71
\strutbox@=\box72
\big@size=\dimen268
LaTeX Font Info:    Redeclaring font encoding OML on input line 733.
LaTeX Font Info:    Redeclaring font encoding OMS on input line 734.
\macc@depth=\count302
\c@MaxMatrixCols=\count303
\dotsspace@=\muskip17
\c@parentequation=\count304
\dspbrk@lvl=\count305
\tag@help=\toks34
\row@=\count306
\column@=\count307
\maxfields@=\count308
\andhelp@=\toks35
\eqnshift@=\dimen269
\alignsep@=\dimen270
\tagshift@=\dimen271
\tagwidth@=\dimen272
\totwidth@=\dimen273
\lineht@=\dimen274
\@envbody=\toks36
\multlinegap=\skip58
\multlinetaggap=\skip59
\mathdisplay@stack=\toks37
LaTeX Info: Redefining \[ on input line 2859.
LaTeX Info: Redefining \] on input line 2860.
)
(c:/texlive/2020/texmf-dist/tex/latex/amscls/amsthm.sty
Package: amsthm 2017/10/31 v2.20.4
\thm@style=\toks38
\thm@bodyfont=\toks39
\thm@headfont=\toks40
\thm@notefont=\toks41
\thm@headpunct=\toks42
\thm@preskip=\skip60
\thm@postskip=\skip61
\thm@headsep=\skip62
\dth@everypar=\toks43
)
\c@theorem=\count309
)
(c:/texlive/2020/texmf-dist/tex/latex/beamer/beamerbasethemes.sty))
(c:/texlive/2020/texmf-dist/tex/latex/beamer/beamerthemedefault.sty
(c:/texlive/2020/texmf-dist/tex/latex/beamer/beamerfontthemedefault.sty)
(c:/texlive/2020/texmf-dist/tex/latex/beamer/beamercolorthemedefault.sty)
(c:/texlive/2020/texmf-dist/tex/latex/beamer/beamerinnerthemedefault.sty
\beamer@dima=\dimen275
\beamer@dimb=\dimen276
)
(c:/texlive/2020/texmf-dist/tex/latex/beamer/beamerouterthemedefault.sty)))
(c:/texlive/2020/texmf-dist/tex/latex/beamer/beamerthemeCambridgeUS.sty
(c:/texlive/2020/texmf-dist/tex/latex/beamer/beamerinnerthemerounded.sty)
(c:/texlive/2020/texmf-dist/tex/latex/beamer/beamerouterthemeinfolines.sty)
(c:/texlive/2020/texmf-dist/tex/latex/beamer/beamercolorthemebeaver.sty))
(c:/texlive/2020/texmf-dist/tex/latex/beamer/beamercolorthemeseahorse.sty)
(c:/texlive/2020/texmf-dist/tex/latex/comment/comment.sty
\CommentStream=\write5

Excluding comment 'comment')
(c:/texlive/2020/texmf-dist/tex/latex/ragged2e/ragged2e.sty
Package: ragged2e 2019/07/28 v2.2 ragged2e Package (MS)

(c:/texlive/2020/texmf-dist/tex/latex/ms/everysel.sty
Package: everysel 2011/10/28 v1.2 EverySelectfont Package (MS)
)
\CenteringLeftskip=\skip63
\RaggedLeftLeftskip=\skip64
\RaggedRightLeftskip=\skip65
\CenteringRightskip=\skip66
\RaggedLeftRightskip=\skip67
\RaggedRightRightskip=\skip68
\CenteringParfillskip=\skip69
\RaggedLeftParfillskip=\skip70
\RaggedRightParfillskip=\skip71
\JustifyingParfillskip=\skip72
\CenteringParindent=\skip73
\RaggedLeftParindent=\skip74
\RaggedRightParindent=\skip75
\JustifyingParindent=\skip76
)
(c:/texlive/2020/texmf-dist/tex/latex/tools/dcolumn.sty
Package: dcolumn 2014/10/28 v1.06 decimal alignment package (DPC)

(c:/texlive/2020/texmf-dist/tex/latex/tools/array.sty
Package: array 2019/08/31 v2.4l Tabular extension package (FMi)
\col@sep=\dimen277
\ar@mcellbox=\box73
\extrarowheight=\dimen278
\NC@list=\toks44
\extratabsurround=\skip77
\backup@length=\skip78
\ar@cellbox=\box74
))
(c:/texlive/2020/texmf-dist/tex/latex/booktabs/booktabs.sty
Package: booktabs 2020/01/12 v1.61803398 Publication quality tables
\heavyrulewidth=\dimen279
\lightrulewidth=\dimen280
\cmidrulewidth=\dimen281
\belowrulesep=\dimen282
\belowbottomsep=\dimen283
\aboverulesep=\dimen284
\abovetopsep=\dimen285
\cmidrulesep=\dimen286
\cmidrulekern=\dimen287
\defaultaddspace=\dimen288
\@cmidla=\count310
\@cmidlb=\count311
\@aboverulesep=\dimen289
\@belowrulesep=\dimen290
\@thisruleclass=\count312
\@lastruleclass=\count313
\@thisrulewidth=\dimen291
)
(c:/texlive/2020/texmf-dist/tex/latex/pdflscape/pdflscape.sty
Package: pdflscape 2019/12/05 v0.12 Display of landscape pages in PDF (HO)

(c:/texlive/2020/texmf-dist/tex/latex/graphics/lscape.sty
Package: lscape 2000/10/22 v3.01 Landscape Pages (DPC)
)
Package pdflscape Info: Auto-detected driver: pdftex on input line 81.
)
(c:/texlive/2020/texmf-dist/tex/latex/placeins/placeins.sty
Package: placeins 2005/04/18  v 2.2
)
(c:/texlive/2020/texmf-dist/tex/latex/caption/subcaption.sty
Package: subcaption 2020/01/22 v1.3d Sub-captions (AR)

(c:/texlive/2020/texmf-dist/tex/latex/caption/caption.sty
Package: caption 2020/01/03 v3.4h Customizing captions (AR)

(c:/texlive/2020/texmf-dist/tex/latex/caption/caption3.sty
Package: caption3 2020/01/03 v1.8h caption3 kernel (AR)
Package caption3 Info: TeX engine: e-TeX on input line 61.
\captionmargin=\dimen292
\captionmargin@=\dimen293
\captionwidth=\dimen294
\caption@tempdima=\dimen295
\caption@indent=\dimen296
\caption@parindent=\dimen297
\caption@hangindent=\dimen298
Package caption Info: beamer document class detected.
)
\c@caption@flags=\count314
\c@continuedfloat=\count315
Package caption Info: beamer document class.
Package caption Info: hyperref package is loaded.
Package caption Info: Hyperref support is turned off
(caption)             because hyperref has stopped early.
)
\c@subfigure=\count316
\c@subtable=\count317
)
(c:/texlive/2020/texmf-dist/tex/latex/multirow/multirow.sty
Package: multirow 2019/05/31 v2.5 Span multiple rows of a table
\multirow@colwidth=\skip79
\multirow@cntb=\count318
\multirow@dima=\skip80
\bigstrutjot=\dimen299
)
(c:/texlive/2020/texmf-dist/tex/latex/pgf/frontendlayer/tikz.sty
(c:/texlive/2020/texmf-dist/tex/latex/pgf/basiclayer/pgf.sty
Package: pgf 2020/01/08 v3.1.5b (3.1.5b)

(c:/texlive/2020/texmf-dist/tex/generic/pgf/modules/pgfmoduleshapes.code.tex
File: pgfmoduleshapes.code.tex 2020/01/08 v3.1.5b (3.1.5b)
\pgfnodeparttextbox=\box75
)
(c:/texlive/2020/texmf-dist/tex/generic/pgf/modules/pgfmoduleplot.code.tex
File: pgfmoduleplot.code.tex 2020/01/08 v3.1.5b (3.1.5b)
)
(c:/texlive/2020/texmf-dist/tex/latex/pgf/compatibility/pgfcomp-version-0-65.st
y
Package: pgfcomp-version-0-65 2020/01/08 v3.1.5b (3.1.5b)
\pgf@nodesepstart=\dimen300
\pgf@nodesepend=\dimen301
)
(c:/texlive/2020/texmf-dist/tex/latex/pgf/compatibility/pgfcomp-version-1-18.st
y
Package: pgfcomp-version-1-18 2020/01/08 v3.1.5b (3.1.5b)
)) (c:/texlive/2020/texmf-dist/tex/latex/pgf/utilities/pgffor.sty
(c:/texlive/2020/texmf-dist/tex/latex/pgf/utilities/pgfkeys.sty
(c:/texlive/2020/texmf-dist/tex/generic/pgf/utilities/pgfkeys.code.tex))
(c:/texlive/2020/texmf-dist/tex/latex/pgf/math/pgfmath.sty
(c:/texlive/2020/texmf-dist/tex/generic/pgf/math/pgfmath.code.tex))
(c:/texlive/2020/texmf-dist/tex/generic/pgf/utilities/pgffor.code.tex
Package: pgffor 2020/01/08 v3.1.5b (3.1.5b)

(c:/texlive/2020/texmf-dist/tex/generic/pgf/math/pgfmath.code.tex)
\pgffor@iter=\dimen302
\pgffor@skip=\dimen303
\pgffor@stack=\toks45
\pgffor@toks=\toks46
))
(c:/texlive/2020/texmf-dist/tex/generic/pgf/frontendlayer/tikz/tikz.code.tex
Package: tikz 2020/01/08 v3.1.5b (3.1.5b)

(c:/texlive/2020/texmf-dist/tex/generic/pgf/libraries/pgflibraryplothandlers.co
de.tex
File: pgflibraryplothandlers.code.tex 2020/01/08 v3.1.5b (3.1.5b)
\pgf@plot@mark@count=\count319
\pgfplotmarksize=\dimen304
)
\tikz@lastx=\dimen305
\tikz@lasty=\dimen306
\tikz@lastxsaved=\dimen307
\tikz@lastysaved=\dimen308
\tikz@lastmovetox=\dimen309
\tikz@lastmovetoy=\dimen310
\tikzleveldistance=\dimen311
\tikzsiblingdistance=\dimen312
\tikz@figbox=\box76
\tikz@figbox@bg=\box77
\tikz@tempbox=\box78
\tikz@tempbox@bg=\box79
\tikztreelevel=\count320
\tikznumberofchildren=\count321
\tikznumberofcurrentchild=\count322
\tikz@fig@count=\count323

(c:/texlive/2020/texmf-dist/tex/generic/pgf/modules/pgfmodulematrix.code.tex
File: pgfmodulematrix.code.tex 2020/01/08 v3.1.5b (3.1.5b)
\pgfmatrixcurrentrow=\count324
\pgfmatrixcurrentcolumn=\count325
\pgf@matrix@numberofcolumns=\count326
)
\tikz@expandcount=\count327

(c:/texlive/2020/texmf-dist/tex/generic/pgf/frontendlayer/tikz/libraries/tikzli
brarytopaths.code.tex
File: tikzlibrarytopaths.code.tex 2020/01/08 v3.1.5b (3.1.5b)
)))
(c:/texlive/2020/texmf-dist/tex/latex/appendix/appendix.sty
Package: appendix 2020/02/08 v1.2c extra appendix facilities
\c@@pps=\count328
\c@@ppsavesec=\count329
\c@@ppsaveapp=\count330
)
(c:/texlive/2020/texmf-dist/tex/generic/pgf/frontendlayer/tikz/libraries/tikzli
brarydecorations.pathreplacing.code.tex
(c:/texlive/2020/texmf-dist/tex/generic/pgf/frontendlayer/tikz/libraries/tikzli
brarydecorations.code.tex
(c:/texlive/2020/texmf-dist/tex/generic/pgf/modules/pgfmoduledecorations.code.t
ex
\pgfdecoratedcompleteddistance=\dimen313
\pgfdecoratedremainingdistance=\dimen314
\pgfdecoratedinputsegmentcompleteddistance=\dimen315
\pgfdecoratedinputsegmentremainingdistance=\dimen316
\pgf@decorate@distancetomove=\dimen317
\pgf@decorate@repeatstate=\count331
\pgfdecorationsegmentamplitude=\dimen318
\pgfdecorationsegmentlength=\dimen319
)
\tikz@lib@dec@box=\box80
)
(c:/texlive/2020/texmf-dist/tex/generic/pgf/libraries/decorations/pgflibrarydec
orations.pathreplacing.code.tex))
(c:/texlive/2020/texmf-dist/tex/latex/tools/tabularx.sty
Package: tabularx 2020/01/15 v2.11c `tabularx' package (DPC)
\TX@col@width=\dimen320
\TX@old@table=\dimen321
\TX@old@col=\dimen322
\TX@target=\dimen323
\TX@delta=\dimen324
\TX@cols=\count332
\TX@ftn=\toks47
)
Package hyperref Info: Option `colorlinks' set `true' on input line 36.

(c:/texlive/2020/texmf-dist/tex/latex/natbib/natbib.sty
Package: natbib 2010/09/13 8.31b (PWD, AO)
\bibhang=\skip81
\bibsep=\skip82
LaTeX Info: Redefining \cite on input line 694.
\c@NAT@ctr=\count333
)

Package hyperref Warning: Token not allowed in a PDF string (PDFDocEncoding):
(hyperref)                \hskip 21.90005pt
(hyperref)                replaced by space on input line 74.


Package hyperref Warning: Token not allowed in a PDF string (PDFDocEncoding):
(hyperref)                \hskip 21.90005pt
(hyperref)                replaced by space on input line 74.

(c:/texlive/2020/texmf-dist/tex/latex/l3backend/l3backend-pdfmode.def
File: l3backend-pdfmode.def 2020-03-12 L3 backend support: PDF mode
\l__kernel_color_stack_int=\count334
\l__pdf_internal_box=\box81
)
(./CapitalRaise - Slide.aux)
\openout1 = `"CapitalRaise - Slide.aux"'.

LaTeX Font Info:    Checking defaults for OML/cmm/m/it on input line 78.
LaTeX Font Info:    ... okay on input line 78.
LaTeX Font Info:    Checking defaults for OMS/cmsy/m/n on input line 78.
LaTeX Font Info:    ... okay on input line 78.
LaTeX Font Info:    Checking defaults for OT1/cmr/m/n on input line 78.
LaTeX Font Info:    ... okay on input line 78.
LaTeX Font Info:    Checking defaults for T1/cmr/m/n on input line 78.
LaTeX Font Info:    ... okay on input line 78.
LaTeX Font Info:    Checking defaults for TS1/cmr/m/n on input line 78.
LaTeX Font Info:    ... okay on input line 78.
LaTeX Font Info:    Checking defaults for OMX/cmex/m/n on input line 78.
LaTeX Font Info:    ... okay on input line 78.
LaTeX Font Info:    Checking defaults for U/cmr/m/n on input line 78.
LaTeX Font Info:    ... okay on input line 78.
LaTeX Font Info:    Checking defaults for PD1/pdf/m/n on input line 78.
LaTeX Font Info:    ... okay on input line 78.

*geometry* driver: auto-detecting
*geometry* detected driver: pdftex
*geometry* verbose mode - [ preamble ] result:
* driver: pdftex
* paper: custom
* layout: <same size as paper>
* layoutoffset:(h,v)=(0.0pt,0.0pt)
* modes: includehead includefoot 
* h-part:(L,W,R)=(10.95003pt, 342.2953pt, 10.95003pt)
* v-part:(T,H,B)=(0.0pt, 273.14662pt, 0.0pt)
* \paperwidth=364.19536pt
* \paperheight=273.14662pt
* \textwidth=342.2953pt
* \textheight=244.6939pt
* \oddsidemargin=-61.31996pt
* \evensidemargin=-61.31996pt
* \topmargin=-72.26999pt
* \headheight=14.22636pt
* \headsep=0.0pt
* \topskip=11.0pt
* \footskip=14.22636pt
* \marginparwidth=4.0pt
* \marginparsep=10.0pt
* \columnsep=10.0pt
* \skip\footins=10.0pt plus 4.0pt minus 2.0pt
* \hoffset=0.0pt
* \voffset=0.0pt
* \mag=1000
* \@twocolumnfalse
* \@twosidefalse
* \@mparswitchfalse
* \@reversemarginfalse
* (1in=72.27pt=25.4mm, 1cm=28.453pt)

(c:/texlive/2020/texmf-dist/tex/context/base/mkii/supp-pdf.mkii
[Loading MPS to PDF converter (version 2006.09.02).]
\scratchcounter=\count335
\scratchdimen=\dimen325
\scratchbox=\box82
\nofMPsegments=\count336
\nofMParguments=\count337
\everyMPshowfont=\toks48
\MPscratchCnt=\count338
\MPscratchDim=\dimen326
\MPnumerator=\count339
\makeMPintoPDFobject=\count340
\everyMPtoPDFconversion=\toks49
) (c:/texlive/2020/texmf-dist/tex/latex/epstopdf-pkg/epstopdf-base.sty
Package: epstopdf-base 2020-01-24 v2.11 Base part for package epstopdf

(c:/texlive/2020/texmf-dist/tex/latex/grfext/grfext.sty
Package: grfext 2019/12/03 v1.3 Manage graphics extensions (HO)
)
Package epstopdf-base Info: Redefining graphics rule for `.eps' on input line 4
85.
Package grfext Info: Graphics extension search list:
(grfext)             [.pdf,.png,.jpg,.mps,.jpeg,.jbig2,.jb2,.PDF,.PNG,.JPG,.JPE
G,.JBIG2,.JB2,.eps]
(grfext)             \AppendGraphicsExtensions on input line 504.

(c:/texlive/2020/texmf-dist/tex/latex/latexconfig/epstopdf-sys.cfg
File: epstopdf-sys.cfg 2010/07/13 v1.3 Configuration of (r)epstopdf for TeX Liv
e
))
ABD: EveryShipout initializing macros
\AtBeginShipoutBox=\box83
Package hyperref Info: Link coloring ON on input line 78.

(c:/texlive/2020/texmf-dist/tex/latex/hyperref/nameref.sty
Package: nameref 2019/09/16 v2.46 Cross-referencing by name of section

(c:/texlive/2020/texmf-dist/tex/latex/refcount/refcount.sty
Package: refcount 2019/12/15 v3.6 Data extraction from label references (HO)
)
(c:/texlive/2020/texmf-dist/tex/generic/gettitlestring/gettitlestring.sty
Package: gettitlestring 2019/12/15 v1.6 Cleanup title references (HO)
)
\c@section@level=\count341
)
LaTeX Info: Redefining \ref on input line 78.
LaTeX Info: Redefining \pageref on input line 78.
LaTeX Info: Redefining \nameref on input line 78.

(./CapitalRaise - Slide.out) (./CapitalRaise - Slide.out)
\@outlinefile=\write6
\openout6 = `"CapitalRaise - Slide.out"'.

LaTeX Font Info:    Overwriting symbol font `operators' in version `normal'
(Font)                  OT1/cmr/m/n --> OT1/cmss/m/n on input line 78.
LaTeX Font Info:    Overwriting symbol font `operators' in version `bold'
(Font)                  OT1/cmr/bx/n --> OT1/cmss/b/n on input line 78.
\symnumbers=\mathgroup6
\sympureletters=\mathgroup7
LaTeX Font Info:    Overwriting math alphabet `\mathrm' in version `normal'
(Font)                  OT1/cmss/m/n --> OT1/cmr/m/n on input line 78.
LaTeX Font Info:    Redeclaring math alphabet \mathbf on input line 78.
LaTeX Font Info:    Overwriting math alphabet `\mathbf' in version `normal'
(Font)                  OT1/cmr/bx/n --> OT1/cmss/b/n on input line 78.
LaTeX Font Info:    Overwriting math alphabet `\mathbf' in version `bold'
(Font)                  OT1/cmr/bx/n --> OT1/cmss/b/n on input line 78.
LaTeX Font Info:    Redeclaring math alphabet \mathsf on input line 78.
LaTeX Font Info:    Overwriting math alphabet `\mathsf' in version `normal'
(Font)                  OT1/cmss/m/n --> OT1/cmss/m/n on input line 78.
LaTeX Font Info:    Overwriting math alphabet `\mathsf' in version `bold'
(Font)                  OT1/cmss/bx/n --> OT1/cmss/m/n on input line 78.
LaTeX Font Info:    Redeclaring math alphabet \mathit on input line 78.
LaTeX Font Info:    Overwriting math alphabet `\mathit' in version `normal'
(Font)                  OT1/cmr/m/it --> OT1/cmss/m/it on input line 78.
LaTeX Font Info:    Overwriting math alphabet `\mathit' in version `bold'
(Font)                  OT1/cmr/bx/it --> OT1/cmss/m/it on input line 78.
LaTeX Font Info:    Redeclaring math alphabet \mathtt on input line 78.
LaTeX Font Info:    Overwriting math alphabet `\mathtt' in version `normal'
(Font)                  OT1/cmtt/m/n --> OT1/cmtt/m/n on input line 78.
LaTeX Font Info:    Overwriting math alphabet `\mathtt' in version `bold'
(Font)                  OT1/cmtt/m/n --> OT1/cmtt/m/n on input line 78.
LaTeX Font Info:    Overwriting symbol font `numbers' in version `bold'
(Font)                  OT1/cmss/m/n --> OT1/cmss/b/n on input line 78.
LaTeX Font Info:    Overwriting symbol font `pureletters' in version `bold'
(Font)                  OT1/cmss/m/it --> OT1/cmss/b/it on input line 78.
LaTeX Font Info:    Overwriting math alphabet `\mathrm' in version `bold'
(Font)                  OT1/cmss/b/n --> OT1/cmr/b/n on input line 78.
LaTeX Font Info:    Overwriting math alphabet `\mathbf' in version `bold'
(Font)                  OT1/cmss/b/n --> OT1/cmss/b/n on input line 78.
LaTeX Font Info:    Overwriting math alphabet `\mathsf' in version `bold'
(Font)                  OT1/cmss/m/n --> OT1/cmss/b/n on input line 78.
LaTeX Font Info:    Overwriting math alphabet `\mathit' in version `bold'
(Font)                  OT1/cmss/m/it --> OT1/cmss/b/it on input line 78.
LaTeX Font Info:    Overwriting math alphabet `\mathtt' in version `bold'
(Font)                  OT1/cmtt/m/n --> OT1/cmtt/b/n on input line 78.
LaTeX Font Info:    Redeclaring symbol font `pureletters' on input line 78.
LaTeX Font Info:    Overwriting symbol font `pureletters' in version `normal'
(Font)                  OT1/cmss/m/it --> OT1/mathkerncmss/m/sl on input line 7
8.
LaTeX Font Info:    Overwriting symbol font `pureletters' in version `bold'
(Font)                  OT1/cmss/b/it --> OT1/mathkerncmss/m/sl on input line 7
8.
LaTeX Font Info:    Overwriting symbol font `pureletters' in version `bold'
(Font)                  OT1/mathkerncmss/m/sl --> OT1/mathkerncmss/bx/sl on inp
ut line 78.

(c:/texlive/2020/texmf-dist/tex/latex/translator/translator-basic-dictionary-En
glish.dict
Dictionary: translator-basic-dictionary, Language: English 
)
(c:/texlive/2020/texmf-dist/tex/latex/translator/translator-bibliography-dictio
nary-English.dict
Dictionary: translator-bibliography-dictionary, Language: English 
)
(c:/texlive/2020/texmf-dist/tex/latex/translator/translator-environment-diction
ary-English.dict
Dictionary: translator-environment-dictionary, Language: English 
)
(c:/texlive/2020/texmf-dist/tex/latex/translator/translator-months-dictionary-E
nglish.dict
Dictionary: translator-months-dictionary, Language: English 
)
(c:/texlive/2020/texmf-dist/tex/latex/translator/translator-numbers-dictionary-
English.dict
Dictionary: translator-numbers-dictionary, Language: English 
)
(c:/texlive/2020/texmf-dist/tex/latex/translator/translator-theorem-dictionary-
English.dict
Dictionary: translator-theorem-dictionary, Language: English 
) ABD: EverySelectfont initializing macros
LaTeX Info: Redefining \selectfont on input line 78.
Package caption Info: Begin \AtBeginDocument code.
Package caption Info: End \AtBeginDocument code.

(./CapitalRaise - Slide.nav) [1

{c:/texlive/2020/texmf-var/fonts/map/pdftex/updmap/pdftex.map}] (./CapitalRaise
 - Slide.toc) [2

]
LaTeX Font Info:    Trying to load font information for U+msa on input line 111
.

(c:/texlive/2020/texmf-dist/tex/latex/amsfonts/umsa.fd
File: umsa.fd 2013/01/14 v3.01 AMS symbols A
)
LaTeX Font Info:    Trying to load font information for U+msb on input line 111
.

(c:/texlive/2020/texmf-dist/tex/latex/amsfonts/umsb.fd
File: umsb.fd 2013/01/14 v3.01 AMS symbols B
)
LaTeX Font Info:    Trying to load font information for OT1+mathkerncmss on inp
ut line 111.

(c:/texlive/2020/texmf-dist/tex/latex/sansmathaccent/ot1mathkerncmss.fd
File: ot1mathkerncmss.fd 2020/01/31 Fontinst v1.933 font definitions for OT1/ma
thkerncmss.
)
[3

]
Package epstopdf Info: Source file: <Output/MedianCapRaiseAdjusted.eps>
(epstopdf)                    date: 2021-08-22 13:22:35
(epstopdf)                    size: 21737 bytes
(epstopdf)             Output file: <Output/MedianCapRaiseAdjusted-eps-converte
d-to.pdf>
(epstopdf)                    date: 2021-08-22 13:23:07
(epstopdf)                    size: 8097 bytes
(epstopdf)             Command: <repstopdf --outfile=Output/MedianCapRaiseAdjus
ted-eps-converted-to.pdf Output/MedianCapRaiseAdjusted.eps>
(epstopdf)             \includegraphics on input line 124.
Package epstopdf Info: Output file is already uptodate.
<Output/MedianCapRaiseAdjusted-eps-converted-to.pdf, id=195, 397.485pt x 289.08
pt>
File: Output/MedianCapRaiseAdjusted-eps-converted-to.pdf Graphic file (type pdf
)
<use Output/MedianCapRaiseAdjusted-eps-converted-to.pdf>
Package pdftex.def Info: Output/MedianCapRaiseAdjusted-eps-converted-to.pdf  us
ed on input line 124.
(pdftex.def)             Requested size: 239.60567pt x 174.26096pt.
 [4

 <./Output/MedianCapRaiseAdjusted-eps-converted-to.pdf>]
Package epstopdf Info: Source file: <Output/MeanCapRaiseAdjusted.eps>
(epstopdf)                    date: 2021-08-22 13:25:47
(epstopdf)                    size: 21182 bytes
(epstopdf)             Output file: <Output/MeanCapRaiseAdjusted-eps-converted-
to.pdf>
(epstopdf)                    date: 2021-08-22 13:25:54
(epstopdf)                    size: 8058 bytes
(epstopdf)             Command: <repstopdf --outfile=Output/MeanCapRaiseAdjuste
d-eps-converted-to.pdf Output/MeanCapRaiseAdjusted.eps>
(epstopdf)             \includegraphics on input line 132.
Package epstopdf Info: Output file is already uptodate.
<Output/MeanCapRaiseAdjusted-eps-converted-to.pdf, id=232, 397.485pt x 289.08pt
>
File: Output/MeanCapRaiseAdjusted-eps-converted-to.pdf Graphic file (type pdf)
<use Output/MeanCapRaiseAdjusted-eps-converted-to.pdf>
Package pdftex.def Info: Output/MeanCapRaiseAdjusted-eps-converted-to.pdf  used
 on input line 132.
(pdftex.def)             Requested size: 239.60567pt x 174.26096pt.
 [5

 <./Output/MeanCapRaiseAdjusted-eps-converted-to.pdf>]
Package epstopdf Info: Source file: <Output/SumCapRaiseAdjusted.eps>
(epstopdf)                    date: 2021-08-22 13:22:42
(epstopdf)                    size: 21862 bytes
(epstopdf)             Output file: <Output/SumCapRaiseAdjusted-eps-converted-t
o.pdf>
(epstopdf)                    date: 2021-08-22 13:23:15
(epstopdf)                    size: 8245 bytes
(epstopdf)             Command: <repstopdf --outfile=Output/SumCapRaiseAdjusted
-eps-converted-to.pdf Output/SumCapRaiseAdjusted.eps>
(epstopdf)             \includegraphics on input line 140.
Package epstopdf Info: Output file is already uptodate.
<Output/SumCapRaiseAdjusted-eps-converted-to.pdf, id=268, 397.485pt x 289.08pt>

File: Output/SumCapRaiseAdjusted-eps-converted-to.pdf Graphic file (type pdf)
<use Output/SumCapRaiseAdjusted-eps-converted-to.pdf>
Package pdftex.def Info: Output/SumCapRaiseAdjusted-eps-converted-to.pdf  used 
on input line 140.
(pdftex.def)             Requested size: 239.60567pt x 174.26096pt.
 [6

 <./Output/SumCapRaiseAdjusted-eps-converted-to.pdf>]
<Output/SumCapRaiseAdjustedEachtype.png, id=305, 733.74126pt x 532.99126pt>
File: Output/SumCapRaiseAdjustedEachtype.png Graphic file (type png)
<use Output/SumCapRaiseAdjustedEachtype.png>
Package pdftex.def Info: Output/SumCapRaiseAdjustedEachtype.png  used on input 
line 149.
(pdftex.def)             Requested size: 239.60567pt x 174.04965pt.
 [7

 <./Output/SumCapRaiseAdjustedEachtype.png (PNG copy)>]
Package epstopdf Info: Source file: <MedianPercent.eps>
(epstopdf)                    date: 2021-08-22 12:46:02
(epstopdf)                    size: 22900 bytes
(epstopdf)             Output file: <MedianPercent-eps-converted-to.pdf>
(epstopdf)                    date: 2021-08-22 13:20:21
(epstopdf)                    size: 7576 bytes
(epstopdf)             Command: <repstopdf --outfile=MedianPercent-eps-converte
d-to.pdf MedianPercent.eps>
(epstopdf)             \includegraphics on input line 157.
Package epstopdf Info: Output file is already uptodate.
<MedianPercent-eps-converted-to.pdf, id=337, 397.485pt x 289.08pt>
File: MedianPercent-eps-converted-to.pdf Graphic file (type pdf)
<use MedianPercent-eps-converted-to.pdf>
Package pdftex.def Info: MedianPercent-eps-converted-to.pdf  used on input line
 157.
(pdftex.def)             Requested size: 239.60567pt x 174.26096pt.

[8

 <./MedianPercent-eps-converted-to.pdf>]
Package epstopdf Info: Source file: <Number.eps>
(epstopdf)                    date: 2021-08-22 12:45:56
(epstopdf)                    size: 22110 bytes
(epstopdf)             Output file: <Number-eps-converted-to.pdf>
(epstopdf)                    date: 2021-08-22 13:20:24
(epstopdf)                    size: 7477 bytes
(epstopdf)             Command: <repstopdf --outfile=Number-eps-converted-to.pd
f Number.eps>
(epstopdf)             \includegraphics on input line 165.
Package epstopdf Info: Output file is already uptodate.
<Number-eps-converted-to.pdf, id=373, 397.485pt x 289.08pt>
File: Number-eps-converted-to.pdf Graphic file (type pdf)
<use Number-eps-converted-to.pdf>
Package pdftex.def Info: Number-eps-converted-to.pdf  used on input line 165.
(pdftex.def)             Requested size: 239.60567pt x 174.26096pt.
 [9

 <./Number-eps-converted-to.pdf>]
Package epstopdf Info: Source file: <Number2.eps>
(epstopdf)                    date: 2021-08-22 12:45:58
(epstopdf)                    size: 28495 bytes
(epstopdf)             Output file: <Number2-eps-converted-to.pdf>
(epstopdf)                    date: 2021-08-22 13:20:28
(epstopdf)                    size: 9162 bytes
(epstopdf)             Command: <repstopdf --outfile=Number2-eps-converted-to.p
df Number2.eps>
(epstopdf)             \includegraphics on input line 174.
Package epstopdf Info: Output file is already uptodate.
<Number2-eps-converted-to.pdf, id=409, 397.485pt x 289.08pt>
File: Number2-eps-converted-to.pdf Graphic file (type pdf)
<use Number2-eps-converted-to.pdf>
Package pdftex.def Info: Number2-eps-converted-to.pdf  used on input line 174.
(pdftex.def)             Requested size: 239.60567pt x 174.26096pt.

[10

 <./Number2-eps-converted-to.pdf>] (./CapitalRaise - Slide.toc) [11

]
[12

] [13

] [14

] [15

] [16

] (./CapitalRaise - Slide.toc) [17

] [18

] [19

] [20

]
[21

] [22

] [23

] [24

] [25

] (./CapitalRaise - Slide.toc) [26

] [27

] [28

]
Package epstopdf Info: Source file: <Output/CAR.eps>
(epstopdf)                    date: 2021-08-22 11:17:25
(epstopdf)                    size: 4839412 bytes
(epstopdf)             Output file: <Output/CAR-eps-converted-to.pdf>
(epstopdf)                    date: 2021-08-22 14:30:21
(epstopdf)                    size: 88353 bytes
(epstopdf)             Command: <repstopdf --outfile=Output/CAR-eps-converted-t
o.pdf Output/CAR.eps>
(epstopdf)             \includegraphics on input line 712.
Package epstopdf Info: Output file is already uptodate.
<Output/CAR-eps-converted-to.pdf, id=1086, 397.485pt x 289.08pt>
File: Output/CAR-eps-converted-to.pdf Graphic file (type pdf)
<use Output/CAR-eps-converted-to.pdf>
Package pdftex.def Info: Output/CAR-eps-converted-to.pdf  used on input line 71
2.
(pdftex.def)             Requested size: 239.60567pt x 174.26096pt.
 [29

 <./Output/CAR-eps-converted-to.pdf>] [30

]
Package epstopdf Info: Source file: <Output/CARRevaluation.eps>
(epstopdf)                    date: 2021-08-22 11:17:42
(epstopdf)                    size: 918807 bytes
(epstopdf)             Output file: <Output/CARRevaluation-eps-converted-to.pdf
>
(epstopdf)                    date: 2021-08-22 14:32:18
(epstopdf)                    size: 44629 bytes
(epstopdf)             Command: <repstopdf --outfile=Output/CARRevaluation-eps-
converted-to.pdf Output/CARRevaluation.eps>
(epstopdf)             \includegraphics on input line 778.
Package epstopdf Info: Output file is already uptodate.
<Output/CARRevaluation-eps-converted-to.pdf, id=1158, 397.485pt x 289.08pt>
File: Output/CARRevaluation-eps-converted-to.pdf Graphic file (type pdf)
<use Output/CARRevaluation-eps-converted-to.pdf>
Package pdftex.def Info: Output/CARRevaluation-eps-converted-to.pdf  used on in
put line 778.
(pdftex.def)             Requested size: 222.48985pt x 161.81311pt.

Overfull \vbox (1.40915pt too high) detected at line 778
 []

[31

 <./Output/CARRevaluation-eps-converted-to.pdf>] [32

]
Package epstopdf Info: Source file: <Output/CARSaving.eps>
(epstopdf)                    date: 2021-08-22 11:17:55
(epstopdf)                    size: 2256974 bytes
(epstopdf)             Output file: <Output/CARSaving-eps-converted-to.pdf>
(epstopdf)                    date: 2021-08-22 14:32:43
(epstopdf)                    size: 83517 bytes
(epstopdf)             Command: <repstopdf --outfile=Output/CARSaving-eps-conve
rted-to.pdf Output/CARSaving.eps>
(epstopdf)             \includegraphics on input line 834.
Package epstopdf Info: Output file is already uptodate.
<Output/CARSaving-eps-converted-to.pdf, id=1231, 397.485pt x 289.08pt>
File: Output/CARSaving-eps-converted-to.pdf Graphic file (type pdf)
<use Output/CARSaving-eps-converted-to.pdf>
Package pdftex.def Info: Output/CARSaving-eps-converted-to.pdf  used on input l
ine 834.
(pdftex.def)             Requested size: 222.48985pt x 161.81311pt.

Overfull \vbox (1.40915pt too high) detected at line 834
 []

[33

 <./Output/CARSaving-eps-converted-to.pdf>]
Package epstopdf Info: Source file: <Output/CARCash.eps>
(epstopdf)                    date: 2021-08-22 11:17:36
(epstopdf)                    size: 4666814 bytes
(epstopdf)             Output file: <Output/CARCash-eps-converted-to.pdf>
(epstopdf)                    date: 2021-08-22 14:34:24
(epstopdf)                    size: 159700 bytes
(epstopdf)             Command: <repstopdf --outfile=Output/CARCash-eps-convert
ed-to.pdf Output/CARCash.eps>
(epstopdf)             \includegraphics on input line 847.
Package epstopdf Info: Output file is already uptodate.
<Output/CARCash-eps-converted-to.pdf, id=1272, 397.485pt x 289.08pt>
File: Output/CARCash-eps-converted-to.pdf Graphic file (type pdf)
<use Output/CARCash-eps-converted-to.pdf>
Package pdftex.def Info: Output/CARCash-eps-converted-to.pdf  used on input lin
e 847.
(pdftex.def)             Requested size: 222.48985pt x 161.81311pt.

Overfull \vbox (1.40915pt too high) detected at line 847
 []

[34

 <./Output/CARCash-eps-converted-to.pdf>]
Package epstopdf Info: Source file: <Output/CARHybrid.eps>
(epstopdf)                    date: 2021-08-22 11:17:48
(epstopdf)                    size: 1091890 bytes
(epstopdf)             Output file: <Output/CARHybrid-eps-converted-to.pdf>
(epstopdf)                    date: 2021-08-22 14:35:00
(epstopdf)                    size: 41443 bytes
(epstopdf)             Command: <repstopdf --outfile=Output/CARHybrid-eps-conve
rted-to.pdf Output/CARHybrid.eps>
(epstopdf)             \includegraphics on input line 861.
Package epstopdf Info: Output file is already uptodate.
<Output/CARHybrid-eps-converted-to.pdf, id=1313, 397.485pt x 289.08pt>
File: Output/CARHybrid-eps-converted-to.pdf Graphic file (type pdf)
<use Output/CARHybrid-eps-converted-to.pdf>
Package pdftex.def Info: Output/CARHybrid-eps-converted-to.pdf  used on input l
ine 861.
(pdftex.def)             Requested size: 222.48985pt x 161.81311pt.

Overfull \vbox (1.40915pt too high) detected at line 861
 []

[35

 <./Output/CARHybrid-eps-converted-to.pdf>]
Package epstopdf Info: Source file: <Output/volume.eps>
(epstopdf)                    date: 2021-08-22 12:25:25
(epstopdf)                    size: 7194005 bytes
(epstopdf)             Output file: <Output/volume-eps-converted-to.pdf>
(epstopdf)                    date: 2021-08-22 14:38:03
(epstopdf)                    size: 233095 bytes
(epstopdf)             Command: <repstopdf --outfile=Output/volume-eps-converte
d-to.pdf Output/volume.eps>
(epstopdf)             \includegraphics on input line 906.
Package epstopdf Info: Output file is already uptodate.
<Output/volume-eps-converted-to.pdf, id=1353, 397.485pt x 289.08pt>
File: Output/volume-eps-converted-to.pdf Graphic file (type pdf)
<use Output/volume-eps-converted-to.pdf>
Package pdftex.def Info: Output/volume-eps-converted-to.pdf  used on input line
 906.
(pdftex.def)             Requested size: 239.60567pt x 174.26096pt.
 [36

 <./Output/volume-eps-converted-to.pdf>]
Package epstopdf Info: Source file: <Output/volume_Revaluation.eps>
(epstopdf)                    date: 2021-08-22 12:25:48
(epstopdf)                    size: 736496 bytes
(epstopdf)             Output file: <Output/volume_Revaluation-eps-converted-to
.pdf>
(epstopdf)             Command: <repstopdf --outfile=Output/volume_Revaluation-
eps-converted-to.pdf Output/volume_Revaluation.eps>
(epstopdf)             \includegraphics on input line 915.
runsystem(repstopdf --outfile=Output/volume_Revaluation-eps-converted-to.pdf Ou
tput/volume_Revaluation.eps)...executed safely (allowed).

Package epstopdf Info: Result file: <Output/volume_Revaluation-eps-converted-to
.pdf>
(epstopdf)                    date: 2021-08-22 14:42:44
(epstopdf)                    size: 46345 bytes.
<Output/volume_Revaluation-eps-converted-to.pdf, id=1393, 397.485pt x 289.08pt>

File: Output/volume_Revaluation-eps-converted-to.pdf Graphic file (type pdf)
<use Output/volume_Revaluation-eps-converted-to.pdf>
Package pdftex.def Info: Output/volume_Revaluation-eps-converted-to.pdf  used o
n input line 915.
(pdftex.def)             Requested size: 239.60567pt x 174.26096pt.
 [37

 <./Output/volume_Revaluation-eps-converted-to.pdf>]
Package epstopdf Info: Source file: <Output/volume_NoRevaluation.eps>
(epstopdf)                    date: 2021-08-22 12:26:02
(epstopdf)                    size: 6475613 bytes
(epstopdf)             Output file: <Output/volume_NoRevaluation-eps-converted-
to.pdf>
(epstopdf)             Command: <repstopdf --outfile=Output/volume_NoRevaluatio
n-eps-converted-to.pdf Output/volume_NoRevaluation.eps>
(epstopdf)             \includegraphics on input line 924.
runsystem(repstopdf --outfile=Output/volume_NoRevaluation-eps-converted-to.pdf 
Output/volume_NoRevaluation.eps)...executed safely (allowed).

Package epstopdf Info: Result file: <Output/volume_NoRevaluation-eps-converted-
to.pdf>
(epstopdf)                    date: 2021-08-22 14:43:00
(epstopdf)                    size: 212520 bytes.
<Output/volume_NoRevaluation-eps-converted-to.pdf, id=1431, 397.485pt x 289.08p
t>
File: Output/volume_NoRevaluation-eps-converted-to.pdf Graphic file (type pdf)
<use Output/volume_NoRevaluation-eps-converted-to.pdf>
Package pdftex.def Info: Output/volume_NoRevaluation-eps-converted-to.pdf  used
 on input line 924.
(pdftex.def)             Requested size: 239.60567pt x 174.26096pt.
 [38

 <./Output/volume_NoRevaluation-eps-converted-to.pdf>]
Package epstopdf Info: Source file: <Output/Relvolume.eps>
(epstopdf)                    date: 2021-08-22 12:25:34
(epstopdf)                    size: 6989169 bytes
(epstopdf)             Output file: <Output/Relvolume-eps-converted-to.pdf>
(epstopdf)                    date: 2021-08-22 14:39:55
(epstopdf)                    size: 234393 bytes
(epstopdf)             Command: <repstopdf --outfile=Output/Relvolume-eps-conve
rted-to.pdf Output/Relvolume.eps>
(epstopdf)             \includegraphics on input line 934.
Package epstopdf Info: Output file is already uptodate.
<Output/Relvolume-eps-converted-to.pdf, id=1468, 397.485pt x 289.08pt>
File: Output/Relvolume-eps-converted-to.pdf Graphic file (type pdf)
<use Output/Relvolume-eps-converted-to.pdf>
Package pdftex.def Info: Output/Relvolume-eps-converted-to.pdf  used on input l
ine 934.
(pdftex.def)             Requested size: 239.60567pt x 174.26096pt.
 [39

 <./Output/Relvolume-eps-converted-to.pdf>]
Package epstopdf Info: Source file: <Output/Relvolume_Revaluation.eps>
(epstopdf)                    date: 2021-08-22 12:25:50
(epstopdf)                    size: 716646 bytes
(epstopdf)             Output file: <Output/Relvolume_Revaluation-eps-converted
-to.pdf>
(epstopdf)                    date: 2021-08-22 14:40:03
(epstopdf)                    size: 47301 bytes
(epstopdf)             Command: <repstopdf --outfile=Output/Relvolume_Revaluati
on-eps-converted-to.pdf Output/Relvolume_Revaluation.eps>
(epstopdf)             \includegraphics on input line 941.
Package epstopdf Info: Output file is already uptodate.
<Output/Relvolume_Revaluation-eps-converted-to.pdf, id=1508, 397.485pt x 289.08
pt>
File: Output/Relvolume_Revaluation-eps-converted-to.pdf Graphic file (type pdf)

<use Output/Relvolume_Revaluation-eps-converted-to.pdf>
Package pdftex.def Info: Output/Relvolume_Revaluation-eps-converted-to.pdf  use
d on input line 941.
(pdftex.def)             Requested size: 239.60567pt x 174.26096pt.
 [40

 <./Output/Relvolume_Revaluation-eps-converted-to.pdf>]
Package epstopdf Info: Source file: <Output/Relvolume_NoRevaluation.eps>
(epstopdf)                    date: 2021-08-22 12:26:11
(epstopdf)                    size: 6291213 bytes
(epstopdf)             Output file: <Output/Relvolume_NoRevaluation-eps-convert
ed-to.pdf>
(epstopdf)                    date: 2021-08-22 14:40:19
(epstopdf)                    size: 213834 bytes
(epstopdf)             Command: <repstopdf --outfile=Output/Relvolume_NoRevalua
tion-eps-converted-to.pdf Output/Relvolume_NoRevaluation.eps>
(epstopdf)             \includegraphics on input line 948.
Package epstopdf Info: Output file is already uptodate.
<Output/Relvolume_NoRevaluation-eps-converted-to.pdf, id=1545, 397.485pt x 289.
08pt>
File: Output/Relvolume_NoRevaluation-eps-converted-to.pdf Graphic file (type pd
f)
<use Output/Relvolume_NoRevaluation-eps-converted-to.pdf>
Package pdftex.def Info: Output/Relvolume_NoRevaluation-eps-converted-to.pdf  u
sed on input line 948.
(pdftex.def)             Requested size: 239.60567pt x 174.26096pt.

[41

 <./Output/Relvolume_NoRevaluation-eps-converted-to.pdf>]
Package epstopdf Info: Source file: <Output/IndImb.eps>
(epstopdf)                    date: 2021-08-22 12:24:44
(epstopdf)                    size: 7268664 bytes
(epstopdf)             Output file: <Output/IndImb-eps-converted-to.pdf>
(epstopdf)             Command: <repstopdf --outfile=Output/IndImb-eps-converte
d-to.pdf Output/IndImb.eps>
(epstopdf)             \includegraphics on input line 961.
runsystem(repstopdf --outfile=Output/IndImb-eps-converted-to.pdf Output/IndImb.
eps)...executed safely (allowed).

Package epstopdf Info: Result file: <Output/IndImb-eps-converted-to.pdf>
(epstopdf)                    date: 2021-08-22 14:43:15
(epstopdf)                    size: 234643 bytes.
<Output/IndImb-eps-converted-to.pdf, id=1582, 397.485pt x 289.08pt>
File: Output/IndImb-eps-converted-to.pdf Graphic file (type pdf)
<use Output/IndImb-eps-converted-to.pdf>
Package pdftex.def Info: Output/IndImb-eps-converted-to.pdf  used on input line
 961.
(pdftex.def)             Requested size: 154.03183pt x 112.02615pt.
Package epstopdf Info: Source file: <Output/InsImb.eps>
(epstopdf)                    date: 2021-08-22 12:24:53
(epstopdf)                    size: 7287885 bytes
(epstopdf)             Output file: <Output/InsImb-eps-converted-to.pdf>
(epstopdf)             Command: <repstopdf --outfile=Output/InsImb-eps-converte
d-to.pdf Output/InsImb.eps>
(epstopdf)             \includegraphics on input line 961.
runsystem(repstopdf --outfile=Output/InsImb-eps-converted-to.pdf Output/InsImb.
eps)...executed safely (allowed).

Package epstopdf Info: Result file: <Output/InsImb-eps-converted-to.pdf>
(epstopdf)                    date: 2021-08-22 14:43:30
(epstopdf)                    size: 234399 bytes.
<Output/InsImb-eps-converted-to.pdf, id=1583, 397.485pt x 289.08pt>
File: Output/InsImb-eps-converted-to.pdf Graphic file (type pdf)
<use Output/InsImb-eps-converted-to.pdf>
Package pdftex.def Info: Output/InsImb-eps-converted-to.pdf  used on input line
 961.
(pdftex.def)             Requested size: 154.03183pt x 112.02615pt.
 [42

 <./Output/IndImb-eps-converted-to.pdf> <./Output/InsImb-eps-converted-to.pdf>]
Package epstopdf Info: Source file: <Output/IndImb_Revaluation.eps>
(epstopdf)                    date: 2021-08-22 12:24:55
(epstopdf)                    size: 721385 bytes
(epstopdf)             Output file: <Output/IndImb_Revaluation-eps-converted-to
.pdf>
(epstopdf)             Command: <repstopdf --outfile=Output/IndImb_Revaluation-
eps-converted-to.pdf Output/IndImb_Revaluation.eps>
(epstopdf)             \includegraphics on input line 969.
runsystem(repstopdf --outfile=Output/IndImb_Revaluation-eps-converted-to.pdf Ou
tput/IndImb_Revaluation.eps)...executed safely (allowed).

Package epstopdf Info: Result file: <Output/IndImb_Revaluation-eps-converted-to
.pdf>
(epstopdf)                    date: 2021-08-22 14:43:42
(epstopdf)                    size: 47611 bytes.
<Output/IndImb_Revaluation-eps-converted-to.pdf, id=1628, 397.485pt x 289.08pt>

File: Output/IndImb_Revaluation-eps-converted-to.pdf Graphic file (type pdf)
<use Output/IndImb_Revaluation-eps-converted-to.pdf>
Package pdftex.def Info: Output/IndImb_Revaluation-eps-converted-to.pdf  used o
n input line 969.
(pdftex.def)             Requested size: 154.03183pt x 112.02615pt.
Package epstopdf Info: Source file: <Output/InsImb_Revaluation.eps>
(epstopdf)                    date: 2021-08-22 12:24:58
(epstopdf)                    size: 747504 bytes
(epstopdf)             Output file: <Output/InsImb_Revaluation-eps-converted-to
.pdf>
(epstopdf)             Command: <repstopdf --outfile=Output/InsImb_Revaluation-
eps-converted-to.pdf Output/InsImb_Revaluation.eps>
(epstopdf)             \includegraphics on input line 969.
runsystem(repstopdf --outfile=Output/InsImb_Revaluation-eps-converted-to.pdf Ou
tput/InsImb_Revaluation.eps)...executed safely (allowed).

Package epstopdf Info: Result file: <Output/InsImb_Revaluation-eps-converted-to
.pdf>
(epstopdf)                    date: 2021-08-22 14:43:56
(epstopdf)                    size: 47314 bytes.
<Output/InsImb_Revaluation-eps-converted-to.pdf, id=1629, 397.485pt x 289.08pt>

File: Output/InsImb_Revaluation-eps-converted-to.pdf Graphic file (type pdf)
<use Output/InsImb_Revaluation-eps-converted-to.pdf>
Package pdftex.def Info: Output/InsImb_Revaluation-eps-converted-to.pdf  used o
n input line 969.
(pdftex.def)             Requested size: 154.03183pt x 112.02615pt.
 [43

 <./Output/IndImb_Revaluation-eps-converted-to.pdf> <./Output/InsImb_Revaluatio
n-eps-converted-to.pdf>]
Package epstopdf Info: Source file: <Output/IndImb_NoRevaluation.eps>
(epstopdf)                    date: 2021-08-22 12:25:06
(epstopdf)                    size: 6542790 bytes
(epstopdf)             Output file: <Output/IndImb_NoRevaluation-eps-converted-
to.pdf>
(epstopdf)             Command: <repstopdf --outfile=Output/IndImb_NoRevaluatio
n-eps-converted-to.pdf Output/IndImb_NoRevaluation.eps>
(epstopdf)             \includegraphics on input line 977.
runsystem(repstopdf --outfile=Output/IndImb_NoRevaluation-eps-converted-to.pdf 
Output/IndImb_NoRevaluation.eps)...executed safely (allowed).

Package epstopdf Info: Result file: <Output/IndImb_NoRevaluation-eps-converted-
to.pdf>
(epstopdf)                    date: 2021-08-22 14:44:23
(epstopdf)                    size: 213863 bytes.
<Output/IndImb_NoRevaluation-eps-converted-to.pdf, id=1674, 397.485pt x 289.08p
t>
File: Output/IndImb_NoRevaluation-eps-converted-to.pdf Graphic file (type pdf)
<use Output/IndImb_NoRevaluation-eps-converted-to.pdf>
Package pdftex.def Info: Output/IndImb_NoRevaluation-eps-converted-to.pdf  used
 on input line 977.
(pdftex.def)             Requested size: 154.03183pt x 112.02615pt.
Package epstopdf Info: Source file: <Output/InsImb_NoRevaluation.eps>
(epstopdf)                    date: 2021-08-22 12:25:15
(epstopdf)                    size: 6560124 bytes
(epstopdf)             Output file: <Output/InsImb_NoRevaluation-eps-converted-
to.pdf>
(epstopdf)             Command: <repstopdf --outfile=Output/InsImb_NoRevaluatio
n-eps-converted-to.pdf Output/InsImb_NoRevaluation.eps>
(epstopdf)             \includegraphics on input line 977.
runsystem(repstopdf --outfile=Output/InsImb_NoRevaluation-eps-converted-to.pdf 
Output/InsImb_NoRevaluation.eps)...executed safely (allowed).

Package epstopdf Info: Result file: <Output/InsImb_NoRevaluation-eps-converted-
to.pdf>
(epstopdf)                    date: 2021-08-22 14:44:45
(epstopdf)                    size: 213697 bytes.
<Output/InsImb_NoRevaluation-eps-converted-to.pdf, id=1675, 397.485pt x 289.08p
t>
File: Output/InsImb_NoRevaluation-eps-converted-to.pdf Graphic file (type pdf)
<use Output/InsImb_NoRevaluation-eps-converted-to.pdf>
Package pdftex.def Info: Output/InsImb_NoRevaluation-eps-converted-to.pdf  used
 on input line 977.
(pdftex.def)             Requested size: 154.03183pt x 112.02615pt.
 [44

 <./Output/IndImb_NoRevaluation-eps-converted-to.pdf> <./Output/InsImb_NoRevalu
ation-eps-converted-to.pdf>] (./CapitalRaise - Slide.bbl

Package hyperref Warning: Token not allowed in a PDF string (PDFDocEncoding):
(hyperref)                removing `\translate ' on input line 1.

) [45

] [46


] [47


] [48


]

Package hyperref Warning: Token not allowed in a PDF string (PDFDocEncoding):
(hyperref)                removing `\translate ' on input line 1448.

(./CapitalRaise - Slide.toc) [49

]
Package epstopdf Info: Source file: <AbReturn_4Factor.eps>
(epstopdf)                    date: 2021-08-18 11:24:04
(epstopdf)                    size: 26667 bytes
(epstopdf)             Output file: <AbReturn_4Factor-eps-converted-to.pdf>
(epstopdf)                    date: 2021-08-19 10:45:46
(epstopdf)                    size: 10592 bytes
(epstopdf)             Command: <repstopdf --outfile=AbReturn_4Factor-eps-conve
rted-to.pdf AbReturn_4Factor.eps>
(epstopdf)             \includegraphics on input line 1463.
Package epstopdf Info: Output file is already uptodate.
<AbReturn_4Factor-eps-converted-to.pdf, id=1878, 397.485pt x 289.08pt>
File: AbReturn_4Factor-eps-converted-to.pdf Graphic file (type pdf)
<use AbReturn_4Factor-eps-converted-to.pdf>
Package pdftex.def Info: AbReturn_4Factor-eps-converted-to.pdf  used on input l
ine 1463.
(pdftex.def)             Requested size: 239.60567pt x 174.26096pt.
 [50

 <./AbReturn_4Factor-eps-converted-to.pdf>]
<AbReturnRevalution_4Factor.png, id=1917, 723.70375pt x 526.96875pt>
File: AbReturnRevalution_4Factor.png Graphic file (type png)
<use AbReturnRevalution_4Factor.png>
Package pdftex.def Info: AbReturnRevalution_4Factor.png  used on input line 147
4.
(pdftex.def)             Requested size: 222.48985pt x 162.00775pt.

Overfull \vbox (1.60379pt too high) detected at line 1474
 []

[51

 <./AbReturnRevalution_4Factor.png (PNG copy)>]
<AbReturnSaving_4Factor.png, id=1949, 723.70375pt x 526.96875pt>
File: AbReturnSaving_4Factor.png Graphic file (type png)
<use AbReturnSaving_4Factor.png>
Package pdftex.def Info: AbReturnSaving_4Factor.png  used on input line 1486.
(pdftex.def)             Requested size: 222.48985pt x 162.00775pt.

Overfull \vbox (1.60379pt too high) detected at line 1486
 []

[52

 <./AbReturnSaving_4Factor.png (PNG copy)>]
<AbReturnCash_4Factor.png, id=1981, 723.70375pt x 526.96875pt>
File: AbReturnCash_4Factor.png Graphic file (type png)
<use AbReturnCash_4Factor.png>
Package pdftex.def Info: AbReturnCash_4Factor.png  used on input line 1497.
(pdftex.def)             Requested size: 222.48985pt x 162.00775pt.

Overfull \vbox (1.60379pt too high) detected at line 1497
 []

[53

 <./AbReturnCash_4Factor.png (PNG copy)>]
<AbReturnHybrid_4Factor.png, id=2013, 723.70375pt x 526.96875pt>
File: AbReturnHybrid_4Factor.png Graphic file (type png)
<use AbReturnHybrid_4Factor.png>
Package pdftex.def Info: AbReturnHybrid_4Factor.png  used on input line 1508.
(pdftex.def)             Requested size: 222.48985pt x 162.00775pt.

Overfull \vbox (1.60379pt too high) detected at line 1508
 []

[54

 <./AbReturnHybrid_4Factor.png (PNG copy)>]

Package hyperref Warning: Token not allowed in a PDF string (PDFDocEncoding):
(hyperref)                removing `math shift' on input line 1511.


Package hyperref Warning: Token not allowed in a PDF string (PDFDocEncoding):
(hyperref)                removing `\alpha' on input line 1511.


Package hyperref Warning: Token not allowed in a PDF string (PDFDocEncoding):
(hyperref)                removing `math shift' on input line 1511.

(./CapitalRaise - Slide.toc) [55

] [56

]
Package epstopdf Info: Source file: <AbReturn_WithoutAlpha.eps>
(epstopdf)                    date: 2021-08-18 11:28:02
(epstopdf)                    size: 26211 bytes
(epstopdf)             Output file: <AbReturn_WithoutAlpha-eps-converted-to.pdf
>
(epstopdf)                    date: 2021-08-19 10:45:50
(epstopdf)                    size: 10581 bytes
(epstopdf)             Command: <repstopdf --outfile=AbReturn_WithoutAlpha-eps-
converted-to.pdf AbReturn_WithoutAlpha.eps>
(epstopdf)             \includegraphics on input line 1536.
Package epstopdf Info: Output file is already uptodate.
<AbReturn_WithoutAlpha-eps-converted-to.pdf, id=2111, 397.485pt x 289.08pt>
File: AbReturn_WithoutAlpha-eps-converted-to.pdf Graphic file (type pdf)
<use AbReturn_WithoutAlpha-eps-converted-to.pdf>
Package pdftex.def Info: AbReturn_WithoutAlpha-eps-converted-to.pdf  used on in
put line 1536.
(pdftex.def)             Requested size: 239.60567pt x 174.26096pt.
 [57

 <./AbReturn_WithoutAlpha-eps-converted-to.pdf>]
<AbReturnRevalution_WithoutAlpha.png, id=2150, 723.70375pt x 526.96875pt>
File: AbReturnRevalution_WithoutAlpha.png Graphic file (type png)
<use AbReturnRevalution_WithoutAlpha.png>
Package pdftex.def Info: AbReturnRevalution_WithoutAlpha.png  used on input lin
e 1547.
(pdftex.def)             Requested size: 222.48985pt x 162.00775pt.

Overfull \vbox (1.60379pt too high) detected at line 1547
 []

[58

 <./AbReturnRevalution_WithoutAlpha.png (PNG copy)>]
<AbReturnSaving_WithoutAlpha.png, id=2183, 723.70375pt x 526.96875pt>
File: AbReturnSaving_WithoutAlpha.png Graphic file (type png)
<use AbReturnSaving_WithoutAlpha.png>
Package pdftex.def Info: AbReturnSaving_WithoutAlpha.png  used on input line 15
59.
(pdftex.def)             Requested size: 222.48985pt x 162.00775pt.

Overfull \vbox (1.60379pt too high) detected at line 1559
 []

[59

 <./AbReturnSaving_WithoutAlpha.png (PNG copy)>]
<AbReturnCash_WithoutAlpha.png, id=2217, 723.70375pt x 526.96875pt>
File: AbReturnCash_WithoutAlpha.png Graphic file (type png)
<use AbReturnCash_WithoutAlpha.png>
Package pdftex.def Info: AbReturnCash_WithoutAlpha.png  used on input line 1570
.
(pdftex.def)             Requested size: 222.48985pt x 162.00775pt.

Overfull \vbox (1.60379pt too high) detected at line 1570
 []

[60

 <./AbReturnCash_WithoutAlpha.png (PNG copy)>]
<AbReturnHybrid_WithoutAlpha.png, id=2249, 723.70375pt x 526.96875pt>
File: AbReturnHybrid_WithoutAlpha.png Graphic file (type png)
<use AbReturnHybrid_WithoutAlpha.png>
Package pdftex.def Info: AbReturnHybrid_WithoutAlpha.png  used on input line 15
81.
(pdftex.def)             Requested size: 222.48985pt x 162.00775pt.

Overfull \vbox (1.60379pt too high) detected at line 1581
 []

[61

 <./AbReturnHybrid_WithoutAlpha.png (PNG copy)>] (./CapitalRaise - Slide.toc) [
62

]
Package epstopdf Info: Source file: <AbReturn_Market.eps>
(epstopdf)                    date: 2021-08-18 11:24:26
(epstopdf)                    size: 25140 bytes
(epstopdf)             Output file: <AbReturn_Market-eps-converted-to.pdf>
(epstopdf)                    date: 2021-08-19 10:45:54
(epstopdf)                    size: 10532 bytes
(epstopdf)             Command: <repstopdf --outfile=AbReturn_Market-eps-conver
ted-to.pdf AbReturn_Market.eps>
(epstopdf)             \includegraphics on input line 1594.
Package epstopdf Info: Output file is already uptodate.
<AbReturn_Market-eps-converted-to.pdf, id=2317, 397.485pt x 289.08pt>
File: AbReturn_Market-eps-converted-to.pdf Graphic file (type pdf)
<use AbReturn_Market-eps-converted-to.pdf>
Package pdftex.def Info: AbReturn_Market-eps-converted-to.pdf  used on input li
ne 1594.
(pdftex.def)             Requested size: 239.60567pt x 174.26096pt.
 [63

 <./AbReturn_Market-eps-converted-to.pdf>]
<AbReturnRevalution_Market.png, id=2356, 723.70375pt x 526.96875pt>
File: AbReturnRevalution_Market.png Graphic file (type png)
<use AbReturnRevalution_Market.png>
Package pdftex.def Info: AbReturnRevalution_Market.png  used on input line 1605
.
(pdftex.def)             Requested size: 222.48985pt x 162.00775pt.

Overfull \vbox (1.60379pt too high) detected at line 1605
 []

[64

 <./AbReturnRevalution_Market.png (PNG copy)>]
<AbReturnSaving_Market.png, id=2389, 723.70375pt x 526.96875pt>
File: AbReturnSaving_Market.png Graphic file (type png)
<use AbReturnSaving_Market.png>
Package pdftex.def Info: AbReturnSaving_Market.png  used on input line 1617.
(pdftex.def)             Requested size: 222.48985pt x 162.00775pt.

Overfull \vbox (1.60379pt too high) detected at line 1617
 []

[65

 <./AbReturnSaving_Market.png (PNG copy)>]
<AbReturnCash_Market.png, id=2423, 723.70375pt x 526.96875pt>
File: AbReturnCash_Market.png Graphic file (type png)
<use AbReturnCash_Market.png>
Package pdftex.def Info: AbReturnCash_Market.png  used on input line 1628.
(pdftex.def)             Requested size: 222.48985pt x 162.00775pt.

Overfull \vbox (1.60379pt too high) detected at line 1628
 []

[66

 <./AbReturnCash_Market.png (PNG copy)>]
<AbReturnHybrid_Market.png, id=2455, 723.70375pt x 526.96875pt>
File: AbReturnHybrid_Market.png Graphic file (type png)
<use AbReturnHybrid_Market.png>
Package pdftex.def Info: AbReturnHybrid_Market.png  used on input line 1639.
(pdftex.def)             Requested size: 222.48985pt x 162.00775pt.

Overfull \vbox (1.60379pt too high) detected at line 1639
 []

[67

 <./AbReturnHybrid_Market.png (PNG copy)>] (./CapitalRaise - Slide.toc)
[68

]
Package epstopdf Info: Source file: <Output/Amihud.eps>
(epstopdf)                    date: 2021-08-22 12:25:44
(epstopdf)                    size: 7004915 bytes
(epstopdf)             Output file: <Output/Amihud-eps-converted-to.pdf>
(epstopdf)             Command: <repstopdf --outfile=Output/Amihud-eps-converte
d-to.pdf Output/Amihud.eps>
(epstopdf)             \includegraphics on input line 1652.
runsystem(repstopdf --outfile=Output/Amihud-eps-converted-to.pdf Output/Amihud.
eps)...executed safely (allowed).

Package epstopdf Info: Result file: <Output/Amihud-eps-converted-to.pdf>
(epstopdf)                    date: 2021-08-22 14:45:07
(epstopdf)                    size: 233807 bytes.
<Output/Amihud-eps-converted-to.pdf, id=2521, 397.485pt x 289.08pt>
File: Output/Amihud-eps-converted-to.pdf Graphic file (type pdf)
<use Output/Amihud-eps-converted-to.pdf>
Package pdftex.def Info: Output/Amihud-eps-converted-to.pdf  used on input line
 1652.
(pdftex.def)             Requested size: 239.60567pt x 174.26096pt.
 [69

 <./Output/Amihud-eps-converted-to.pdf>]
Package epstopdf Info: Source file: <Output/Amihud_Revaluation.eps>
(epstopdf)                    date: 2021-08-22 12:25:53
(epstopdf)                    size: 717761 bytes
(epstopdf)             Output file: <Output/Amihud_Revaluation-eps-converted-to
.pdf>
(epstopdf)             Command: <repstopdf --outfile=Output/Amihud_Revaluation-
eps-converted-to.pdf Output/Amihud_Revaluation.eps>
(epstopdf)             \includegraphics on input line 1662.
runsystem(repstopdf --outfile=Output/Amihud_Revaluation-eps-converted-to.pdf Ou
tput/Amihud_Revaluation.eps)...executed safely (allowed).

Package epstopdf Info: Result file: <Output/Amihud_Revaluation-eps-converted-to
.pdf>
(epstopdf)                    date: 2021-08-22 14:45:13
(epstopdf)                    size: 47172 bytes.
<Output/Amihud_Revaluation-eps-converted-to.pdf, id=2559, 397.485pt x 289.08pt>

File: Output/Amihud_Revaluation-eps-converted-to.pdf Graphic file (type pdf)
<use Output/Amihud_Revaluation-eps-converted-to.pdf>
Package pdftex.def Info: Output/Amihud_Revaluation-eps-converted-to.pdf  used o
n input line 1662.
(pdftex.def)             Requested size: 239.60567pt x 174.26096pt.
 [70

 <./Output/Amihud_Revaluation-eps-converted-to.pdf>]
Package epstopdf Info: Source file: <Output/Amihud_NoRevaluation.eps>
(epstopdf)                    date: 2021-08-22 12:26:20
(epstopdf)                    size: 6305303 bytes
(epstopdf)             Output file: <Output/Amihud_NoRevaluation-eps-converted-
to.pdf>
(epstopdf)             Command: <repstopdf --outfile=Output/Amihud_NoRevaluatio
n-eps-converted-to.pdf Output/Amihud_NoRevaluation.eps>
(epstopdf)             \includegraphics on input line 1670.
runsystem(repstopdf --outfile=Output/Amihud_NoRevaluation-eps-converted-to.pdf 
Output/Amihud_NoRevaluation.eps)...executed safely (allowed).

Package epstopdf Info: Result file: <Output/Amihud_NoRevaluation-eps-converted-
to.pdf>
(epstopdf)                    date: 2021-08-22 14:45:28
(epstopdf)                    size: 213140 bytes.
<Output/Amihud_NoRevaluation-eps-converted-to.pdf, id=2595, 397.485pt x 289.08p
t>
File: Output/Amihud_NoRevaluation-eps-converted-to.pdf Graphic file (type pdf)
<use Output/Amihud_NoRevaluation-eps-converted-to.pdf>
Package pdftex.def Info: Output/Amihud_NoRevaluation-eps-converted-to.pdf  used
 on input line 1670.
(pdftex.def)             Requested size: 239.60567pt x 174.26096pt.
 [71

 <./Output/Amihud_NoRevaluation-eps-converted-to.pdf>]
\tf@nav=\write7
\openout7 = `"CapitalRaise - Slide.nav"'.

\tf@toc=\write8
\openout8 = `"CapitalRaise - Slide.toc"'.

\tf@snm=\write9
\openout9 = `"CapitalRaise - Slide.snm"'.

Package atveryend Info: Empty hook `BeforeClearDocument' on input line 1676.
Package atveryend Info: Empty hook `AfterLastShipout' on input line 1676.
 (./CapitalRaise - Slide.aux)
Package atveryend Info: Executing hook `AtVeryEndDocument' on input line 1676.
Package atveryend Info: Executing hook `AtEndAfterFileList' on input line 1676.

Package rerunfilecheck Info: File `"CapitalRaise - Slide".out' has not changed.

(rerunfilecheck)             Checksum: C9C5122E850E5226C44BB3858D4EF47A;815.
 ) 
Here is how much of TeX's memory you used:
 24594 strings out of 480608
 491119 string characters out of 5907536
 723014 words of memory out of 5000000
 39608 multiletter control sequences out of 15000+600000
 546252 words of font info for 72 fonts, out of 8000000 for 9000
 1141 hyphenation exceptions out of 8191
 58i,18n,67p,811b,901s stack positions out of 5000i,500n,10000p,200000b,80000s
{c:/texlive/2020/texmf-dist/fonts/enc/dvips/cm-super/cm-super-t1.enc}<c:/texl
ive/2020/texmf-dist/fonts/type1/public/amsfonts/cm/cmex10.pfb><c:/texlive/2020/
texmf-dist/fonts/type1/public/amsfonts/cmextra/cmex8.pfb><c:/texlive/2020/texmf
-dist/fonts/type1/public/amsfonts/cm/cmmi10.pfb><c:/texlive/2020/texmf-dist/fon
ts/type1/public/amsfonts/cm/cmmi6.pfb><c:/texlive/2020/texmf-dist/fonts/type1/p
ublic/amsfonts/cm/cmmi7.pfb><c:/texlive/2020/texmf-dist/fonts/type1/public/amsf
onts/cm/cmmi8.pfb><c:/texlive/2020/texmf-dist/fonts/type1/public/amsfonts/cm/cm
ss10.pfb><c:/texlive/2020/texmf-dist/fonts/type1/public/amsfonts/cm/cmss12.pfb>
<c:/texlive/2020/texmf-dist/fonts/type1/public/amsfonts/cm/cmss8.pfb><c:/texliv
e/2020/texmf-dist/fonts/type1/public/amsfonts/cm/cmss9.pfb><c:/texlive/2020/tex
mf-dist/fonts/type1/public/amsfonts/cm/cmssbx10.pfb><c:/texlive/2020/texmf-dist
/fonts/type1/public/amsfonts/cm/cmssi10.pfb><c:/texlive/2020/texmf-dist/fonts/t
ype1/public/amsfonts/cm/cmssi8.pfb><c:/texlive/2020/texmf-dist/fonts/type1/publ
ic/amsfonts/cm/cmssi9.pfb><c:/texlive/2020/texmf-dist/fonts/type1/public/amsfon
ts/cm/cmsy10.pfb><c:/texlive/2020/texmf-dist/fonts/type1/public/amsfonts/cm/cms
y7.pfb><c:/texlive/2020/texmf-dist/fonts/type1/public/amsfonts/cm/cmsy8.pfb><c:
/texlive/2020/texmf-dist/fonts/type1/public/amsfonts/cm/cmsy9.pfb><c:/texlive/2
020/texmf-dist/fonts/type1/public/amsfonts/symbols/msam10.pfb><c:/texlive/2020/
texmf-dist/fonts/type1/public/amsfonts/symbols/msam7.pfb><c:/texlive/2020/texmf
-dist/fonts/type1/public/cm-super/sfss0600.pfb>
Output written on "CapitalRaise - Slide.pdf" (71 pages, 4382116 bytes).
PDF statistics:
 2757 PDF objects out of 2984 (max. 8388607)
 2551 compressed objects within 26 object streams
 250 named destinations out of 1000 (max. 500000)
 413 words of extra memory for PDF output out of 10000 (max. 10000000)

